<?xml version="1.0" encoding="UTF-8"?>
<testsuite xmlns:xsi="http://www.w3.org/2001/XMLSchema-instance" xsi:noNamespaceSchemaLocation="https://maven.apache.org/surefire/maven-surefire-plugin/xsd/surefire-test-report-3.0.xsd" version="3.0" name="com.redhat.quarkus.service.AccessLogServiceTest" time="28.142" tests="1" errors="0" skipped="0" failures="0">
  <properties>
    <property name="java.specification.version" value="21"/>
    <property name="test.url" value="http://localhost:8081"/>
    <property name="sun.jnu.encoding" value="UTF-8"/>
    <property name="java.class.path" value="/Users/gabrielerom/firefighters-sre/building-app/target/test-classes:/Users/gabrielerom/firefighters-sre/building-app/target/classes:/Users/gabrielerom/.m2/repository/io/quarkus/quarkus-arc/3.4.2/quarkus-arc-3.4.2.jar:/Users/gabrielerom/.m2/repository/io/quarkus/arc/arc/3.4.2/arc-3.4.2.jar:/Users/gabrielerom/.m2/repository/jakarta/enterprise/jakarta.enterprise.cdi-api/4.0.1/jakarta.enterprise.cdi-api-4.0.1.jar:/Users/gabrielerom/.m2/repository/jakarta/enterprise/jakarta.enterprise.lang-model/4.0.1/jakarta.enterprise.lang-model-4.0.1.jar:/Users/gabrielerom/.m2/repository/jakarta/el/jakarta.el-api/5.0.1/jakarta.el-api-5.0.1.jar:/Users/gabrielerom/.m2/repository/jakarta/interceptor/jakarta.interceptor-api/2.1.0/jakarta.interceptor-api-2.1.0.jar:/Users/gabrielerom/.m2/repository/jakarta/transaction/jakarta.transaction-api/2.0.1/jakarta.transaction-api-2.0.1.jar:/Users/gabrielerom/.m2/repository/io/smallrye/reactive/mutiny/2.3.1/mutiny-2.3.1.jar:/Users/gabrielerom/.m2/repository/org/jboss/logging/jboss-logging/3.5.3.Final/jboss-logging-3.5.3.Final.jar:/Users/gabrielerom/.m2/repository/io/quarkus/quarkus-core/3.4.2/quarkus-core-3.4.2.jar:/Users/gabrielerom/.m2/repository/jakarta/inject/jakarta.inject-api/2.0.1/jakarta.inject-api-2.0.1.jar:/Users/gabrielerom/.m2/repository/io/smallrye/common/smallrye-common-os/2.1.2/smallrye-common-os-2.1.2.jar:/Users/gabrielerom/.m2/repository/io/quarkus/quarkus-ide-launcher/3.4.2/quarkus-ide-launcher-3.4.2.jar:/Users/gabrielerom/.m2/repository/io/quarkus/quarkus-development-mode-spi/3.4.2/quarkus-development-mode-spi-3.4.2.jar:/Users/gabrielerom/.m2/repository/io/smallrye/config/smallrye-config/3.3.4/smallrye-config-3.3.4.jar:/Users/gabrielerom/.m2/repository/io/smallrye/config/smallrye-config-core/3.3.4/smallrye-config-core-3.3.4.jar:/Users/gabrielerom/.m2/repository/io/smallrye/common/smallrye-common-classloader/2.1.2/smallrye-common-classloader-2.1.2.jar:/Users/gabrielerom/.m2/repository/io/smallrye/config/smallrye-config-common/3.3.4/smallrye-config-common-3.3.4.jar:/Users/gabrielerom/.m2/repository/org/jboss/logmanager/jboss-logmanager/3.0.2.Final/jboss-logmanager-3.0.2.Final.jar:/Users/gabrielerom/.m2/repository/io/smallrye/common/smallrye-common-constraint/2.1.2/smallrye-common-constraint-2.1.2.jar:/Users/gabrielerom/.m2/repository/io/smallrye/common/smallrye-common-cpu/2.1.2/smallrye-common-cpu-2.1.2.jar:/Users/gabrielerom/.m2/repository/io/smallrye/common/smallrye-common-expression/2.1.2/smallrye-common-expression-2.1.2.jar:/Users/gabrielerom/.m2/repository/io/smallrye/common/smallrye-common-function/2.1.2/smallrye-common-function-2.1.2.jar:/Users/gabrielerom/.m2/repository/io/smallrye/common/smallrye-common-net/2.1.2/smallrye-common-net-2.1.2.jar:/Users/gabrielerom/.m2/repository/io/smallrye/common/smallrye-common-ref/2.1.2/smallrye-common-ref-2.1.2.jar:/Users/gabrielerom/.m2/repository/jakarta/json/jakarta.json-api/2.1.2/jakarta.json-api-2.1.2.jar:/Users/gabrielerom/.m2/repository/org/jboss/logging/jboss-logging-annotations/2.2.1.Final/jboss-logging-annotations-2.2.1.Final.jar:/Users/gabrielerom/.m2/repository/org/jboss/threads/jboss-threads/3.5.0.Final/jboss-threads-3.5.0.Final.jar:/Users/gabrielerom/.m2/repository/org/slf4j/slf4j-api/2.0.6/slf4j-api-2.0.6.jar:/Users/gabrielerom/.m2/repository/org/wildfly/common/wildfly-common/1.5.4.Final-format-001/wildfly-common-1.5.4.Final-format-001.jar:/Users/gabrielerom/.m2/repository/io/quarkus/quarkus-bootstrap-runner/3.4.2/quarkus-bootstrap-runner-3.4.2.jar:/Users/gabrielerom/.m2/repository/io/quarkus/quarkus-fs-util/0.0.9/quarkus-fs-util-0.0.9.jar:/Users/gabrielerom/.m2/repository/org/eclipse/microprofile/context-propagation/microprofile-context-propagation-api/1.3/microprofile-context-propagation-api-1.3.jar:/Users/gabrielerom/.m2/repository/io/quarkus/quarkus-resteasy-reactive/3.4.2/quarkus-resteasy-reactive-3.4.2.jar:/Users/gabrielerom/.m2/repository/io/quarkus/quarkus-resteasy-reactive-common/3.4.2/quarkus-resteasy-reactive-common-3.4.2.jar:/Users/gabrielerom/.m2/repository/io/quarkus/resteasy/reactive/resteasy-reactive-common/3.4.2/resteasy-reactive-common-3.4.2.jar:/Users/gabrielerom/.m2/repository/io/quarkus/resteasy/reactive/resteasy-reactive-common-types/3.4.2/resteasy-reactive-common-types-3.4.2.jar:/Users/gabrielerom/.m2/repository/org/reactivestreams/reactive-streams/1.0.4/reactive-streams-1.0.4.jar:/Users/gabrielerom/.m2/repository/io/quarkus/quarkus-mutiny/3.4.2/quarkus-mutiny-3.4.2.jar:/Users/gabrielerom/.m2/repository/io/quarkus/quarkus-smallrye-context-propagation/3.4.2/quarkus-smallrye-context-propagation-3.4.2.jar:/Users/gabrielerom/.m2/repository/io/smallrye/smallrye-context-propagation/2.1.0/smallrye-context-propagation-2.1.0.jar:/Users/gabrielerom/.m2/repository/io/smallrye/smallrye-context-propagation-api/2.1.0/smallrye-context-propagation-api-2.1.0.jar:/Users/gabrielerom/.m2/repository/io/smallrye/smallrye-context-propagation-storage/2.1.0/smallrye-context-propagation-storage-2.1.0.jar:/Users/gabrielerom/.m2/repository/io/smallrye/reactive/mutiny-smallrye-context-propagation/2.3.1/mutiny-smallrye-context-propagation-2.3.1.jar:/Users/gabrielerom/.m2/repository/io/quarkus/quarkus-vertx/3.4.2/quarkus-vertx-3.4.2.jar:/Users/gabrielerom/.m2/repository/io/quarkus/quarkus-netty/3.4.2/quarkus-netty-3.4.2.jar:/Users/gabrielerom/.m2/repository/io/netty/netty-codec/4.1.97.Final/netty-codec-4.1.97.Final.jar:/Users/gabrielerom/.m2/repository/com/aayushatharva/brotli4j/brotli4j/1.12.0/brotli4j-1.12.0.jar:/Users/gabrielerom/.m2/repository/com/aayushatharva/brotli4j/service/1.12.0/service-1.12.0.jar:/Users/gabrielerom/.m2/repository/com/aayushatharva/brotli4j/native-osx-x86_64/1.12.0/native-osx-x86_64-1.12.0.jar:/Users/gabrielerom/.m2/repository/io/netty/netty-codec-haproxy/4.1.97.Final/netty-codec-haproxy-4.1.97.Final.jar:/Users/gabrielerom/.m2/repository/io/quarkus/quarkus-vertx-latebound-mdc-provider/3.4.2/quarkus-vertx-latebound-mdc-provider-3.4.2.jar:/Users/gabrielerom/.m2/repository/io/smallrye/smallrye-fault-tolerance-vertx/6.2.6/smallrye-fault-tolerance-vertx-6.2.6.jar:/Users/gabrielerom/.m2/repository/io/quarkus/resteasy/reactive/resteasy-reactive-vertx/3.4.2/resteasy-reactive-vertx-3.4.2.jar:/Users/gabrielerom/.m2/repository/io/vertx/vertx-web/4.4.5/vertx-web-4.4.5.jar:/Users/gabrielerom/.m2/repository/io/vertx/vertx-web-common/4.4.5/vertx-web-common-4.4.5.jar:/Users/gabrielerom/.m2/repository/io/vertx/vertx-auth-common/4.4.5/vertx-auth-common-4.4.5.jar:/Users/gabrielerom/.m2/repository/io/vertx/vertx-bridge-common/4.4.5/vertx-bridge-common-4.4.5.jar:/Users/gabrielerom/.m2/repository/io/smallrye/reactive/smallrye-mutiny-vertx-core/3.5.0/smallrye-mutiny-vertx-core-3.5.0.jar:/Users/gabrielerom/.m2/repository/io/smallrye/reactive/smallrye-mutiny-vertx-runtime/3.5.0/smallrye-mutiny-vertx-runtime-3.5.0.jar:/Users/gabrielerom/.m2/repository/io/smallrye/reactive/vertx-mutiny-generator/3.5.0/vertx-mutiny-generator-3.5.0.jar:/Users/gabrielerom/.m2/repository/io/vertx/vertx-codegen/4.4.5/vertx-codegen-4.4.5.jar:/Users/gabrielerom/.m2/repository/io/quarkus/resteasy/reactive/resteasy-reactive/3.4.2/resteasy-reactive-3.4.2.jar:/Users/gabrielerom/.m2/repository/jakarta/ws/rs/jakarta.ws.rs-api/3.1.0/jakarta.ws.rs-api-3.1.0.jar:/Users/gabrielerom/.m2/repository/org/jboss/logging/commons-logging-jboss-logging/1.0.0.Final/commons-logging-jboss-logging-1.0.0.Final.jar:/Users/gabrielerom/.m2/repository/jakarta/xml/bind/jakarta.xml.bind-api/4.0.0/jakarta.xml.bind-api-4.0.0.jar:/Users/gabrielerom/.m2/repository/jakarta/activation/jakarta.activation-api/2.1.2/jakarta.activation-api-2.1.2.jar:/Users/gabrielerom/.m2/repository/io/quarkus/quarkus-vertx-http/3.4.2/quarkus-vertx-http-3.4.2.jar:/Users/gabrielerom/.m2/repository/io/quarkus/quarkus-security-runtime-spi/3.4.2/quarkus-security-runtime-spi-3.4.2.jar:/Users/gabrielerom/.m2/repository/io/quarkus/quarkus-credentials/3.4.2/quarkus-credentials-3.4.2.jar:/Users/gabrielerom/.m2/repository/io/smallrye/common/smallrye-common-vertx-context/2.1.2/smallrye-common-vertx-context-2.1.2.jar:/Users/gabrielerom/.m2/repository/io/quarkus/quarkus-vertx-http-dev-console-runtime-spi/3.4.2/quarkus-vertx-http-dev-console-runtime-spi-3.4.2.jar:/Users/gabrielerom/.m2/repository/io/quarkus/security/quarkus-security/2.0.2.Final/quarkus-security-2.0.2.Final.jar:/Users/gabrielerom/.m2/repository/io/smallrye/reactive/smallrye-mutiny-vertx-web/3.5.0/smallrye-mutiny-vertx-web-3.5.0.jar:/Users/gabrielerom/.m2/repository/io/smallrye/reactive/smallrye-mutiny-vertx-web-common/3.5.0/smallrye-mutiny-vertx-web-common-3.5.0.jar:/Users/gabrielerom/.m2/repository/io/smallrye/reactive/smallrye-mutiny-vertx-auth-common/3.5.0/smallrye-mutiny-vertx-auth-common-3.5.0.jar:/Users/gabrielerom/.m2/repository/io/smallrye/reactive/smallrye-mutiny-vertx-bridge-common/3.5.0/smallrye-mutiny-vertx-bridge-common-3.5.0.jar:/Users/gabrielerom/.m2/repository/io/smallrye/reactive/smallrye-mutiny-vertx-uri-template/3.5.0/smallrye-mutiny-vertx-uri-template-3.5.0.jar:/Users/gabrielerom/.m2/repository/io/vertx/vertx-uri-template/4.4.5/vertx-uri-template-4.4.5.jar:/Users/gabrielerom/.m2/repository/io/github/crac/org-crac/0.1.3/org-crac-0.1.3.jar:/Users/gabrielerom/.m2/repository/io/quarkus/quarkus-jsonp/3.4.2/quarkus-jsonp-3.4.2.jar:/Users/gabrielerom/.m2/repository/org/eclipse/parsson/parsson/1.1.2/parsson-1.1.2.jar:/Users/gabrielerom/.m2/repository/io/quarkus/quarkus-virtual-threads/3.4.2/quarkus-virtual-threads-3.4.2.jar:/Users/gabrielerom/.m2/repository/io/vertx/vertx-core/4.4.5/vertx-core-4.4.5.jar:/Users/gabrielerom/.m2/repository/io/netty/netty-common/4.1.97.Final/netty-common-4.1.97.Final.jar:/Users/gabrielerom/.m2/repository/io/netty/netty-buffer/4.1.97.Final/netty-buffer-4.1.97.Final.jar:/Users/gabrielerom/.m2/repository/io/netty/netty-transport/4.1.97.Final/netty-transport-4.1.97.Final.jar:/Users/gabrielerom/.m2/repository/io/netty/netty-handler/4.1.97.Final/netty-handler-4.1.97.Final.jar:/Users/gabrielerom/.m2/repository/io/netty/netty-transport-native-unix-common/4.1.97.Final/netty-transport-native-unix-common-4.1.97.Final.jar:/Users/gabrielerom/.m2/repository/io/netty/netty-handler-proxy/4.1.97.Final/netty-handler-proxy-4.1.97.Final.jar:/Users/gabrielerom/.m2/repository/io/netty/netty-codec-socks/4.1.97.Final/netty-codec-socks-4.1.97.Final.jar:/Users/gabrielerom/.m2/repository/io/netty/netty-codec-http/4.1.97.Final/netty-codec-http-4.1.97.Final.jar:/Users/gabrielerom/.m2/repository/io/netty/netty-codec-http2/4.1.97.Final/netty-codec-http2-4.1.97.Final.jar:/Users/gabrielerom/.m2/repository/io/netty/netty-resolver/4.1.97.Final/netty-resolver-4.1.97.Final.jar:/Users/gabrielerom/.m2/repository/io/netty/netty-resolver-dns/4.1.97.Final/netty-resolver-dns-4.1.97.Final.jar:/Users/gabrielerom/.m2/repository/io/netty/netty-codec-dns/4.1.97.Final/netty-codec-dns-4.1.97.Final.jar:/Users/gabrielerom/.m2/repository/io/quarkus/quarkus-smallrye-reactive-messaging-kafka/3.4.2/quarkus-smallrye-reactive-messaging-kafka-3.4.2.jar:/Users/gabrielerom/.m2/repository/io/quarkus/quarkus-kafka-client/3.4.2/quarkus-kafka-client-3.4.2.jar:/Users/gabrielerom/.m2/repository/io/quarkus/quarkus-caffeine/3.4.2/quarkus-caffeine-3.4.2.jar:/Users/gabrielerom/.m2/repository/com/github/ben-manes/caffeine/caffeine/3.1.5/caffeine-3.1.5.jar:/Users/gabrielerom/.m2/repository/com/google/errorprone/error_prone_annotations/2.20.0/error_prone_annotations-2.20.0.jar:/Users/gabrielerom/.m2/repository/io/smallrye/reactive/smallrye-reactive-messaging-kafka/4.9.0/smallrye-reactive-messaging-kafka-4.9.0.jar:/Users/gabrielerom/.m2/repository/io/smallrye/reactive/smallrye-reactive-messaging-kafka-api/4.9.0/smallrye-reactive-messaging-kafka-api-4.9.0.jar:/Users/gabrielerom/.m2/repository/io/smallrye/reactive/smallrye-reactive-messaging-otel/4.9.0/smallrye-reactive-messaging-otel-4.9.0.jar:/Users/gabrielerom/.m2/repository/io/opentelemetry/opentelemetry-api/1.28.0/opentelemetry-api-1.28.0.jar:/Users/gabrielerom/.m2/repository/io/opentelemetry/opentelemetry-context/1.28.0/opentelemetry-context-1.28.0.jar:/Users/gabrielerom/.m2/repository/io/opentelemetry/opentelemetry-semconv/1.28.0-alpha/opentelemetry-semconv-1.28.0-alpha.jar:/Users/gabrielerom/.m2/repository/io/opentelemetry/instrumentation/opentelemetry-instrumentation-api/1.28.0/opentelemetry-instrumentation-api-1.28.0.jar:/Users/gabrielerom/.m2/repository/io/opentelemetry/opentelemetry-extension-incubator/1.28.0-alpha/opentelemetry-extension-incubator-1.28.0-alpha.jar:/Users/gabrielerom/.m2/repository/io/opentelemetry/instrumentation/opentelemetry-instrumentation-api-semconv/1.28.0-alpha/opentelemetry-instrumentation-api-semconv-1.28.0-alpha.jar:/Users/gabrielerom/.m2/repository/io/smallrye/reactive/smallrye-reactive-converter-api/3.0.0/smallrye-reactive-converter-api-3.0.0.jar:/Users/gabrielerom/.m2/repository/io/smallrye/reactive/mutiny-zero/1.0.0/mutiny-zero-1.0.0.jar:/Users/gabrielerom/.m2/repository/io/smallrye/reactive/mutiny-zero-flow-adapters/1.0.0/mutiny-zero-flow-adapters-1.0.0.jar:/Users/gabrielerom/.m2/repository/io/quarkus/quarkus-jackson/3.4.2/quarkus-jackson-3.4.2.jar:/Users/gabrielerom/.m2/repository/com/fasterxml/jackson/core/jackson-databind/2.15.2/jackson-databind-2.15.2.jar:/Users/gabrielerom/.m2/repository/com/fasterxml/jackson/core/jackson-annotations/2.15.2/jackson-annotations-2.15.2.jar:/Users/gabrielerom/.m2/repository/com/fasterxml/jackson/datatype/jackson-datatype-jsr310/2.15.2/jackson-datatype-jsr310-2.15.2.jar:/Users/gabrielerom/.m2/repository/com/fasterxml/jackson/datatype/jackson-datatype-jdk8/2.15.2/jackson-datatype-jdk8-2.15.2.jar:/Users/gabrielerom/.m2/repository/com/fasterxml/jackson/module/jackson-module-parameter-names/2.15.2/jackson-module-parameter-names-2.15.2.jar:/Users/gabrielerom/.m2/repository/org/apache/kafka/kafka-clients/3.5.1/kafka-clients-3.5.1.jar:/Users/gabrielerom/.m2/repository/com/github/luben/zstd-jni/1.5.5-1/zstd-jni-1.5.5-1.jar:/Users/gabrielerom/.m2/repository/org/lz4/lz4-java/1.8.0/lz4-java-1.8.0.jar:/Users/gabrielerom/.m2/repository/org/xerial/snappy/snappy-java/1.1.10.5/snappy-java-1.1.10.5.jar:/Users/gabrielerom/.m2/repository/io/quarkus/quarkus-smallrye-reactive-messaging/3.4.2/quarkus-smallrye-reactive-messaging-3.4.2.jar:/Users/gabrielerom/.m2/repository/io/quarkus/quarkus-mutiny-reactive-streams-operators/3.4.2/quarkus-mutiny-reactive-streams-operators-3.4.2.jar:/Users/gabrielerom/.m2/repository/org/eclipse/microprofile/reactive-streams-operators/microprofile-reactive-streams-operators-api/3.0/microprofile-reactive-streams-operators-api-3.0.jar:/Users/gabrielerom/.m2/repository/org/eclipse/microprofile/reactive-streams-operators/microprofile-reactive-streams-operators-core/3.0/microprofile-reactive-streams-operators-core-3.0.jar:/Users/gabrielerom/.m2/repository/io/smallrye/reactive/mutiny-reactive-streams-operators/2.3.1/mutiny-reactive-streams-operators-2.3.1.jar:/Users/gabrielerom/.m2/repository/io/quarkus/quarkus-smallrye-reactive-messaging-kotlin/3.4.2/quarkus-smallrye-reactive-messaging-kotlin-3.4.2.jar:/Users/gabrielerom/.m2/repository/io/smallrye/common/smallrye-common-annotation/2.1.2/smallrye-common-annotation-2.1.2.jar:/Users/gabrielerom/.m2/repository/io/smallrye/reactive/smallrye-reactive-messaging-health/4.9.0/smallrye-reactive-messaging-health-4.9.0.jar:/Users/gabrielerom/.m2/repository/org/eclipse/microprofile/health/microprofile-health-api/4.0.1/microprofile-health-api-4.0.1.jar:/Users/gabrielerom/.m2/repository/io/smallrye/reactive/smallrye-reactive-messaging-provider/4.9.0/smallrye-reactive-messaging-provider-4.9.0.jar:/Users/gabrielerom/.m2/repository/io/smallrye/reactive/smallrye-reactive-messaging-api/4.9.0/smallrye-reactive-messaging-api-4.9.0.jar:/Users/gabrielerom/.m2/repository/jakarta/annotation/jakarta.annotation-api/2.1.1/jakarta.annotation-api-2.1.1.jar:/Users/gabrielerom/.m2/repository/io/quarkus/quarkus-junit5/3.4.2/quarkus-junit5-3.4.2.jar:/Users/gabrielerom/.m2/repository/io/quarkus/quarkus-bootstrap-core/3.4.2/quarkus-bootstrap-core-3.4.2.jar:/Users/gabrielerom/.m2/repository/io/quarkus/quarkus-bootstrap-app-model/3.4.2/quarkus-bootstrap-app-model-3.4.2.jar:/Users/gabrielerom/.m2/repository/io/smallrye/common/smallrye-common-io/2.1.2/smallrye-common-io-2.1.2.jar:/Users/gabrielerom/.m2/repository/org/eclipse/sisu/org.eclipse.sisu.inject/0.3.5/org.eclipse.sisu.inject-0.3.5.jar:/Users/gabrielerom/.m2/repository/io/quarkus/quarkus-test-common/3.4.2/quarkus-test-common-3.4.2.jar:/Users/gabrielerom/.m2/repository/io/quarkus/quarkus-core-deployment/3.4.2/quarkus-core-deployment-3.4.2.jar:/Users/gabrielerom/.m2/repository/org/aesh/readline/2.4/readline-2.4.jar:/Users/gabrielerom/.m2/repository/org/fusesource/jansi/jansi/2.4.0/jansi-2.4.0.jar:/Users/gabrielerom/.m2/repository/org/aesh/aesh/2.7/aesh-2.7.jar:/Users/gabrielerom/.m2/repository/io/quarkus/gizmo/gizmo/1.6.1.Final/gizmo-1.6.1.Final.jar:/Users/gabrielerom/.m2/repository/org/ow2/asm/asm-util/9.5/asm-util-9.5.jar:/Users/gabrielerom/.m2/repository/org/ow2/asm/asm-analysis/9.5/asm-analysis-9.5.jar:/Users/gabrielerom/.m2/repository/org/ow2/asm/asm/9.5/asm-9.5.jar:/Users/gabrielerom/.m2/repository/org/ow2/asm/asm-commons/9.5/asm-commons-9.5.jar:/Users/gabrielerom/.m2/repository/org/ow2/asm/asm-tree/9.5/asm-tree-9.5.jar:/Users/gabrielerom/.m2/repository/io/quarkus/quarkus-class-change-agent/3.4.2/quarkus-class-change-agent-3.4.2.jar:/Users/gabrielerom/.m2/repository/io/quarkus/quarkus-devtools-utilities/3.4.2/quarkus-devtools-utilities-3.4.2.jar:/Users/gabrielerom/.m2/repository/io/quarkus/quarkus-builder/3.4.2/quarkus-builder-3.4.2.jar:/Users/gabrielerom/.m2/repository/org/graalvm/sdk/graal-sdk/23.0.1/graal-sdk-23.0.1.jar:/Users/gabrielerom/.m2/repository/org/junit/platform/junit-platform-launcher/1.9.3/junit-platform-launcher-1.9.3.jar:/Users/gabrielerom/.m2/repository/io/quarkus/quarkus-bootstrap-maven-resolver/3.4.2/quarkus-bootstrap-maven-resolver-3.4.2.jar:/Users/gabrielerom/.m2/repository/io/smallrye/beanbag/smallrye-beanbag-maven/1.3.2/smallrye-beanbag-maven-1.3.2.jar:/Users/gabrielerom/.m2/repository/io/smallrye/beanbag/smallrye-beanbag-sisu/1.3.2/smallrye-beanbag-sisu-1.3.2.jar:/Users/gabrielerom/.m2/repository/io/smallrye/beanbag/smallrye-beanbag/1.3.2/smallrye-beanbag-1.3.2.jar:/Users/gabrielerom/.m2/repository/javax/inject/javax.inject/1/javax.inject-1.jar:/Users/gabrielerom/.m2/repository/org/apache/maven/maven-artifact/3.9.3/maven-artifact-3.9.3.jar:/Users/gabrielerom/.m2/repository/org/apache/maven/maven-builder-support/3.9.3/maven-builder-support-3.9.3.jar:/Users/gabrielerom/.m2/repository/org/apache/maven/maven-model/3.9.3/maven-model-3.9.3.jar:/Users/gabrielerom/.m2/repository/org/apache/maven/maven-model-builder/3.9.3/maven-model-builder-3.9.3.jar:/Users/gabrielerom/.m2/repository/org/apache/maven/maven-repository-metadata/3.9.3/maven-repository-metadata-3.9.3.jar:/Users/gabrielerom/.m2/repository/org/apache/maven/maven-settings/3.9.3/maven-settings-3.9.3.jar:/Users/gabrielerom/.m2/repository/org/apache/maven/resolver/maven-resolver-api/1.9.13/maven-resolver-api-1.9.13.jar:/Users/gabrielerom/.m2/repository/org/apache/maven/resolver/maven-resolver-impl/1.9.13/maven-resolver-impl-1.9.13.jar:/Users/gabrielerom/.m2/repository/org/apache/maven/resolver/maven-resolver-named-locks/1.9.13/maven-resolver-named-locks-1.9.13.jar:/Users/gabrielerom/.m2/repository/org/apache/maven/resolver/maven-resolver-spi/1.9.13/maven-resolver-spi-1.9.13.jar:/Users/gabrielerom/.m2/repository/org/apache/maven/resolver/maven-resolver-util/1.9.13/maven-resolver-util-1.9.13.jar:/Users/gabrielerom/.m2/repository/org/apache/maven/resolver/maven-resolver-transport-http/1.9.10/maven-resolver-transport-http-1.9.10.jar:/Users/gabrielerom/.m2/repository/org/apache/maven/wagon/wagon-provider-api/3.5.3/wagon-provider-api-3.5.3.jar:/Users/gabrielerom/.m2/repository/org/apache/maven/wagon/wagon-http-shared/3.5.3/wagon-http-shared-3.5.3.jar:/Users/gabrielerom/.m2/repository/org/codehaus/plexus/plexus-interpolation/1.26/plexus-interpolation-1.26.jar:/Users/gabrielerom/.m2/repository/org/codehaus/plexus/plexus-utils/3.5.1/plexus-utils-3.5.1.jar:/Users/gabrielerom/.m2/repository/org/codehaus/plexus/plexus-xml/4.0.0/plexus-xml-4.0.0.jar:/Users/gabrielerom/.m2/repository/org/apache/maven/maven-xml-impl/4.0.0-alpha-5/maven-xml-impl-4.0.0-alpha-5.jar:/Users/gabrielerom/.m2/repository/org/apache/maven/maven-api-xml/4.0.0-alpha-5/maven-api-xml-4.0.0-alpha-5.jar:/Users/gabrielerom/.m2/repository/org/apache/maven/maven-api-meta/4.0.0-alpha-5/maven-api-meta-4.0.0-alpha-5.jar:/Users/gabrielerom/.m2/repository/org/codehaus/plexus/plexus-cipher/2.0/plexus-cipher-2.0.jar:/Users/gabrielerom/.m2/repository/org/codehaus/plexus/plexus-sec-dispatcher/2.0/plexus-sec-dispatcher-2.0.jar:/Users/gabrielerom/.m2/repository/org/apache/maven/maven-embedder/3.9.3/maven-embedder-3.9.3.jar:/Users/gabrielerom/.m2/repository/org/apache/maven/maven-core/3.9.3/maven-core-3.9.3.jar:/Users/gabrielerom/.m2/repository/org/codehaus/plexus/plexus-component-annotations/2.1.0/plexus-component-annotations-2.1.0.jar:/Users/gabrielerom/.m2/repository/org/apache/maven/maven-plugin-api/3.9.3/maven-plugin-api-3.9.3.jar:/Users/gabrielerom/.m2/repository/org/apache/maven/shared/maven-shared-utils/3.3.4/maven-shared-utils-3.3.4.jar:/Users/gabrielerom/.m2/repository/com/google/inject/guice/5.1.0/guice-5.1.0.jar:/Users/gabrielerom/.m2/repository/aopalliance/aopalliance/1.0/aopalliance-1.0.jar:/Users/gabrielerom/.m2/repository/com/google/guava/guava/32.1.1-jre/guava-32.1.1-jre.jar:/Users/gabrielerom/.m2/repository/com/google/guava/failureaccess/1.0.1/failureaccess-1.0.1.jar:/Users/gabrielerom/.m2/repository/javax/annotation/javax.annotation-api/1.3.2/javax.annotation-api-1.3.2.jar:/Users/gabrielerom/.m2/repository/org/codehaus/plexus/plexus-classworlds/2.6.0/plexus-classworlds-2.6.0.jar:/Users/gabrielerom/.m2/repository/commons-cli/commons-cli/1.5.0/commons-cli-1.5.0.jar:/Users/gabrielerom/.m2/repository/org/eclipse/sisu/org.eclipse.sisu.plexus/0.3.5/org.eclipse.sisu.plexus-0.3.5.jar:/Users/gabrielerom/.m2/repository/org/apache/maven/maven-settings-builder/3.9.3/maven-settings-builder-3.9.3.jar:/Users/gabrielerom/.m2/repository/org/apache/maven/maven-resolver-provider/3.9.3/maven-resolver-provider-3.9.3.jar:/Users/gabrielerom/.m2/repository/org/apache/maven/resolver/maven-resolver-connector-basic/1.9.13/maven-resolver-connector-basic-1.9.13.jar:/Users/gabrielerom/.m2/repository/org/apache/maven/resolver/maven-resolver-transport-wagon/1.9.13/maven-resolver-transport-wagon-1.9.13.jar:/Users/gabrielerom/.m2/repository/org/apache/maven/wagon/wagon-http/3.5.3/wagon-http-3.5.3.jar:/Users/gabrielerom/.m2/repository/org/apache/maven/wagon/wagon-file/3.5.3/wagon-file-3.5.3.jar:/Users/gabrielerom/.m2/repository/io/quarkus/quarkus-bootstrap-gradle-resolver/3.4.2/quarkus-bootstrap-gradle-resolver-3.4.2.jar:/Users/gabrielerom/.m2/repository/io/smallrye/jandex/3.1.3/jandex-3.1.3.jar:/Users/gabrielerom/.m2/repository/commons-io/commons-io/2.13.0/commons-io-2.13.0.jar:/Users/gabrielerom/.m2/repository/io/quarkus/quarkus-junit5-properties/3.4.2/quarkus-junit5-properties-3.4.2.jar:/Users/gabrielerom/.m2/repository/org/junit/jupiter/junit-jupiter/5.9.3/junit-jupiter-5.9.3.jar:/Users/gabrielerom/.m2/repository/org/junit/jupiter/junit-jupiter-api/5.9.3/junit-jupiter-api-5.9.3.jar:/Users/gabrielerom/.m2/repository/org/opentest4j/opentest4j/1.2.0/opentest4j-1.2.0.jar:/Users/gabrielerom/.m2/repository/org/junit/platform/junit-platform-commons/1.9.3/junit-platform-commons-1.9.3.jar:/Users/gabrielerom/.m2/repository/org/apiguardian/apiguardian-api/1.1.2/apiguardian-api-1.1.2.jar:/Users/gabrielerom/.m2/repository/org/junit/jupiter/junit-jupiter-params/5.9.3/junit-jupiter-params-5.9.3.jar:/Users/gabrielerom/.m2/repository/org/junit/jupiter/junit-jupiter-engine/5.9.3/junit-jupiter-engine-5.9.3.jar:/Users/gabrielerom/.m2/repository/org/junit/platform/junit-platform-engine/1.9.3/junit-platform-engine-1.9.3.jar:/Users/gabrielerom/.m2/repository/com/thoughtworks/xstream/xstream/1.4.20/xstream-1.4.20.jar:/Users/gabrielerom/.m2/repository/io/github/x-stream/mxparser/1.2.2/mxparser-1.2.2.jar:/Users/gabrielerom/.m2/repository/xmlpull/xmlpull/1.1.3.1/xmlpull-1.1.3.1.jar:/Users/gabrielerom/.m2/repository/io/rest-assured/rest-assured/5.3.0/rest-assured-5.3.0.jar:/Users/gabrielerom/.m2/repository/org/apache/groovy/groovy/4.0.6/groovy-4.0.6.jar:/Users/gabrielerom/.m2/repository/org/apache/groovy/groovy-xml/4.0.6/groovy-xml-4.0.6.jar:/Users/gabrielerom/.m2/repository/org/apache/httpcomponents/httpclient/4.5.14/httpclient-4.5.14.jar:/Users/gabrielerom/.m2/repository/org/apache/httpcomponents/httpcore/4.4.16/httpcore-4.4.16.jar:/Users/gabrielerom/.m2/repository/commons-codec/commons-codec/1.16.0/commons-codec-1.16.0.jar:/Users/gabrielerom/.m2/repository/org/apache/httpcomponents/httpmime/4.5.14/httpmime-4.5.14.jar:/Users/gabrielerom/.m2/repository/org/hamcrest/hamcrest/2.1/hamcrest-2.1.jar:/Users/gabrielerom/.m2/repository/org/ccil/cowan/tagsoup/tagsoup/1.2.1/tagsoup-1.2.1.jar:/Users/gabrielerom/.m2/repository/io/rest-assured/json-path/5.3.0/json-path-5.3.0.jar:/Users/gabrielerom/.m2/repository/org/apache/groovy/groovy-json/4.0.6/groovy-json-4.0.6.jar:/Users/gabrielerom/.m2/repository/io/rest-assured/rest-assured-common/5.3.0/rest-assured-common-5.3.0.jar:/Users/gabrielerom/.m2/repository/io/rest-assured/xml-path/5.3.0/xml-path-5.3.0.jar:/Users/gabrielerom/.m2/repository/org/apache/commons/commons-lang3/3.12.0/commons-lang3-3.12.0.jar:/Users/gabrielerom/.m2/repository/org/eclipse/microprofile/metrics/microprofile-metrics-api/4.0.1/microprofile-metrics-api-4.0.1.jar:/Users/gabrielerom/.m2/repository/io/quarkus/quarkus-smallrye-openapi/3.4.2/quarkus-smallrye-openapi-3.4.2.jar:/Users/gabrielerom/.m2/repository/io/smallrye/smallrye-open-api-core/3.5.2/smallrye-open-api-core-3.5.2.jar:/Users/gabrielerom/.m2/repository/org/eclipse/microprofile/openapi/microprofile-openapi-api/3.1.1/microprofile-openapi-api-3.1.1.jar:/Users/gabrielerom/.m2/repository/org/eclipse/microprofile/config/microprofile-config-api/3.0.3/microprofile-config-api-3.0.3.jar:/Users/gabrielerom/.m2/repository/com/fasterxml/jackson/core/jackson-core/2.15.2/jackson-core-2.15.2.jar:/Users/gabrielerom/.m2/repository/com/fasterxml/jackson/dataformat/jackson-dataformat-yaml/2.15.2/jackson-dataformat-yaml-2.15.2.jar:/Users/gabrielerom/.m2/repository/org/yaml/snakeyaml/2.1/snakeyaml-2.1.jar:/Users/gabrielerom/.m2/repository/io/quarkus/quarkus-swagger-ui/3.4.2/quarkus-swagger-ui-3.4.2.jar:/Users/gabrielerom/.m2/repository/io/quarkus/quarkus-test-kafka-companion/3.4.2/quarkus-test-kafka-companion-3.4.2.jar:/Users/gabrielerom/.m2/repository/io/smallrye/reactive/smallrye-reactive-messaging-kafka-test-companion/4.9.0/smallrye-reactive-messaging-kafka-test-companion-4.9.0.jar:/Users/gabrielerom/.m2/repository/com/opencsv/opencsv/5.8/opencsv-5.8.jar:/Users/gabrielerom/.m2/repository/org/apache/commons/commons-text/1.10.0/commons-text-1.10.0.jar:/Users/gabrielerom/.m2/repository/commons-beanutils/commons-beanutils/1.9.4/commons-beanutils-1.9.4.jar:/Users/gabrielerom/.m2/repository/commons-collections/commons-collections/3.2.2/commons-collections-3.2.2.jar:/Users/gabrielerom/.m2/repository/org/apache/commons/commons-collections4/4.4/commons-collections4-4.4.jar:/Users/gabrielerom/.m2/repository/org/testcontainers/toxiproxy/1.18.3/toxiproxy-1.18.3.jar:/Users/gabrielerom/.m2/repository/eu/rekawek/toxiproxy/toxiproxy-java/2.1.7/toxiproxy-java-2.1.7.jar:/Users/gabrielerom/.m2/repository/com/google/code/gson/gson/2.10.1/gson-2.10.1.jar:/Users/gabrielerom/.m2/repository/io/strimzi/strimzi-test-container/0.100.0/strimzi-test-container-0.100.0.jar:/Users/gabrielerom/.m2/repository/com/github/docker-java/docker-java-api/3.3.0/docker-java-api-3.3.0.jar:/Users/gabrielerom/.m2/repository/org/apache/commons/commons-compress/1.24.0/commons-compress-1.24.0.jar:/Users/gabrielerom/.m2/repository/org/testcontainers/testcontainers/1.18.3/testcontainers-1.18.3.jar:/Users/gabrielerom/.m2/repository/junit/junit/4.13.2/junit-4.13.2.jar:/Users/gabrielerom/.m2/repository/org/rnorth/duct-tape/duct-tape/1.0.8/duct-tape-1.0.8.jar:/Users/gabrielerom/.m2/repository/org/jetbrains/annotations/24.0.1/annotations-24.0.1.jar:/Users/gabrielerom/.m2/repository/com/github/docker-java/docker-java-transport-zerodep/3.3.0/docker-java-transport-zerodep-3.3.0.jar:/Users/gabrielerom/.m2/repository/com/github/docker-java/docker-java-transport/3.3.0/docker-java-transport-3.3.0.jar:/Users/gabrielerom/.m2/repository/net/java/dev/jna/jna/5.8.0/jna-5.8.0.jar:/Users/gabrielerom/.m2/repository/org/awaitility/awaitility/4.2.0/awaitility-4.2.0.jar:/Users/gabrielerom/.m2/repository/io/quarkus/quarkus-micrometer/3.4.2/quarkus-micrometer-3.4.2.jar:/Users/gabrielerom/.m2/repository/io/micrometer/micrometer-core/1.11.1/micrometer-core-1.11.1.jar:/Users/gabrielerom/.m2/repository/io/micrometer/micrometer-commons/1.11.1/micrometer-commons-1.11.1.jar:/Users/gabrielerom/.m2/repository/io/micrometer/micrometer-observation/1.11.1/micrometer-observation-1.11.1.jar:/Users/gabrielerom/.m2/repository/org/hdrhistogram/HdrHistogram/2.1.12/HdrHistogram-2.1.12.jar:/Users/gabrielerom/.m2/repository/org/latencyutils/LatencyUtils/2.0.3/LatencyUtils-2.0.3.jar:/Users/gabrielerom/.m2/repository/org/jboss/slf4j/slf4j-jboss-logmanager/2.0.0.Final/slf4j-jboss-logmanager-2.0.0.Final.jar:/Users/gabrielerom/.m2/repository/io/quarkus/quarkus-micrometer-registry-prometheus/3.4.2/quarkus-micrometer-registry-prometheus-3.4.2.jar:/Users/gabrielerom/.m2/repository/io/micrometer/micrometer-registry-prometheus/1.11.1/micrometer-registry-prometheus-1.11.1.jar:/Users/gabrielerom/.m2/repository/io/prometheus/simpleclient_common/0.16.0/simpleclient_common-0.16.0.jar:/Users/gabrielerom/.m2/repository/io/prometheus/simpleclient/0.16.0/simpleclient-0.16.0.jar:/Users/gabrielerom/.m2/repository/io/prometheus/simpleclient_tracer_otel/0.16.0/simpleclient_tracer_otel-0.16.0.jar:/Users/gabrielerom/.m2/repository/io/prometheus/simpleclient_tracer_common/0.16.0/simpleclient_tracer_common-0.16.0.jar:/Users/gabrielerom/.m2/repository/io/prometheus/simpleclient_tracer_otel_agent/0.16.0/simpleclient_tracer_otel_agent-0.16.0.jar:"/>
    <property name="java.vm.vendor" value="Homebrew"/>
    <property name="sun.arch.data.model" value="64"/>
    <property name="java.vendor.url" value="https://github.com/Homebrew/homebrew-core/issues"/>
    <property name="user.timezone" value="America/Sao_Paulo"/>
    <property name="logging.initial-configurator.min-level" value="500"/>
    <property name="os.name" value="Mac OS X"/>
    <property name="java.vm.specification.version" value="21"/>
    <property name="sun.java.launcher" value="SUN_STANDARD"/>
    <property name="user.country" value="BR"/>
    <property name="groovy.use.classvalue" value="false"/>
    <property name="mp.openapi.extensions.smallrye.defaultProduces" value="application/json"/>
    <property name="sun.boot.library.path" value="/usr/local/Cellar/openjdk/21/libexec/openjdk.jdk/Contents/Home/lib"/>
    <property name="sun.java.command" value="/Users/gabrielerom/firefighters-sre/building-app/target/surefire/surefirebooter-20231006163627623_3.jar /Users/gabrielerom/firefighters-sre/building-app/target/surefire 2023-10-06T16-36-27_555-jvmRun1 surefire-20231006163627623_1tmp surefire_0-20231006163627623_2tmp"/>
    <property name="http.nonProxyHosts" value="local|*.local|169.254/16|*.169.254/16"/>
    <property name="jdk.debug" value="release"/>
    <property name="maven.home" value="/usr/local/Cellar/maven/3.9.4/libexec"/>
    <property name="surefire.test.class.path" value="/Users/gabrielerom/firefighters-sre/building-app/target/test-classes:/Users/gabrielerom/firefighters-sre/building-app/target/classes:/Users/gabrielerom/.m2/repository/io/quarkus/quarkus-arc/3.4.2/quarkus-arc-3.4.2.jar:/Users/gabrielerom/.m2/repository/io/quarkus/arc/arc/3.4.2/arc-3.4.2.jar:/Users/gabrielerom/.m2/repository/jakarta/enterprise/jakarta.enterprise.cdi-api/4.0.1/jakarta.enterprise.cdi-api-4.0.1.jar:/Users/gabrielerom/.m2/repository/jakarta/enterprise/jakarta.enterprise.lang-model/4.0.1/jakarta.enterprise.lang-model-4.0.1.jar:/Users/gabrielerom/.m2/repository/jakarta/el/jakarta.el-api/5.0.1/jakarta.el-api-5.0.1.jar:/Users/gabrielerom/.m2/repository/jakarta/interceptor/jakarta.interceptor-api/2.1.0/jakarta.interceptor-api-2.1.0.jar:/Users/gabrielerom/.m2/repository/jakarta/transaction/jakarta.transaction-api/2.0.1/jakarta.transaction-api-2.0.1.jar:/Users/gabrielerom/.m2/repository/io/smallrye/reactive/mutiny/2.3.1/mutiny-2.3.1.jar:/Users/gabrielerom/.m2/repository/org/jboss/logging/jboss-logging/3.5.3.Final/jboss-logging-3.5.3.Final.jar:/Users/gabrielerom/.m2/repository/io/quarkus/quarkus-core/3.4.2/quarkus-core-3.4.2.jar:/Users/gabrielerom/.m2/repository/jakarta/inject/jakarta.inject-api/2.0.1/jakarta.inject-api-2.0.1.jar:/Users/gabrielerom/.m2/repository/io/smallrye/common/smallrye-common-os/2.1.2/smallrye-common-os-2.1.2.jar:/Users/gabrielerom/.m2/repository/io/quarkus/quarkus-ide-launcher/3.4.2/quarkus-ide-launcher-3.4.2.jar:/Users/gabrielerom/.m2/repository/io/quarkus/quarkus-development-mode-spi/3.4.2/quarkus-development-mode-spi-3.4.2.jar:/Users/gabrielerom/.m2/repository/io/smallrye/config/smallrye-config/3.3.4/smallrye-config-3.3.4.jar:/Users/gabrielerom/.m2/repository/io/smallrye/config/smallrye-config-core/3.3.4/smallrye-config-core-3.3.4.jar:/Users/gabrielerom/.m2/repository/io/smallrye/common/smallrye-common-classloader/2.1.2/smallrye-common-classloader-2.1.2.jar:/Users/gabrielerom/.m2/repository/io/smallrye/config/smallrye-config-common/3.3.4/smallrye-config-common-3.3.4.jar:/Users/gabrielerom/.m2/repository/org/jboss/logmanager/jboss-logmanager/3.0.2.Final/jboss-logmanager-3.0.2.Final.jar:/Users/gabrielerom/.m2/repository/io/smallrye/common/smallrye-common-constraint/2.1.2/smallrye-common-constraint-2.1.2.jar:/Users/gabrielerom/.m2/repository/io/smallrye/common/smallrye-common-cpu/2.1.2/smallrye-common-cpu-2.1.2.jar:/Users/gabrielerom/.m2/repository/io/smallrye/common/smallrye-common-expression/2.1.2/smallrye-common-expression-2.1.2.jar:/Users/gabrielerom/.m2/repository/io/smallrye/common/smallrye-common-function/2.1.2/smallrye-common-function-2.1.2.jar:/Users/gabrielerom/.m2/repository/io/smallrye/common/smallrye-common-net/2.1.2/smallrye-common-net-2.1.2.jar:/Users/gabrielerom/.m2/repository/io/smallrye/common/smallrye-common-ref/2.1.2/smallrye-common-ref-2.1.2.jar:/Users/gabrielerom/.m2/repository/jakarta/json/jakarta.json-api/2.1.2/jakarta.json-api-2.1.2.jar:/Users/gabrielerom/.m2/repository/org/jboss/logging/jboss-logging-annotations/2.2.1.Final/jboss-logging-annotations-2.2.1.Final.jar:/Users/gabrielerom/.m2/repository/org/jboss/threads/jboss-threads/3.5.0.Final/jboss-threads-3.5.0.Final.jar:/Users/gabrielerom/.m2/repository/org/slf4j/slf4j-api/2.0.6/slf4j-api-2.0.6.jar:/Users/gabrielerom/.m2/repository/org/wildfly/common/wildfly-common/1.5.4.Final-format-001/wildfly-common-1.5.4.Final-format-001.jar:/Users/gabrielerom/.m2/repository/io/quarkus/quarkus-bootstrap-runner/3.4.2/quarkus-bootstrap-runner-3.4.2.jar:/Users/gabrielerom/.m2/repository/io/quarkus/quarkus-fs-util/0.0.9/quarkus-fs-util-0.0.9.jar:/Users/gabrielerom/.m2/repository/org/eclipse/microprofile/context-propagation/microprofile-context-propagation-api/1.3/microprofile-context-propagation-api-1.3.jar:/Users/gabrielerom/.m2/repository/io/quarkus/quarkus-resteasy-reactive/3.4.2/quarkus-resteasy-reactive-3.4.2.jar:/Users/gabrielerom/.m2/repository/io/quarkus/quarkus-resteasy-reactive-common/3.4.2/quarkus-resteasy-reactive-common-3.4.2.jar:/Users/gabrielerom/.m2/repository/io/quarkus/resteasy/reactive/resteasy-reactive-common/3.4.2/resteasy-reactive-common-3.4.2.jar:/Users/gabrielerom/.m2/repository/io/quarkus/resteasy/reactive/resteasy-reactive-common-types/3.4.2/resteasy-reactive-common-types-3.4.2.jar:/Users/gabrielerom/.m2/repository/org/reactivestreams/reactive-streams/1.0.4/reactive-streams-1.0.4.jar:/Users/gabrielerom/.m2/repository/io/quarkus/quarkus-mutiny/3.4.2/quarkus-mutiny-3.4.2.jar:/Users/gabrielerom/.m2/repository/io/quarkus/quarkus-smallrye-context-propagation/3.4.2/quarkus-smallrye-context-propagation-3.4.2.jar:/Users/gabrielerom/.m2/repository/io/smallrye/smallrye-context-propagation/2.1.0/smallrye-context-propagation-2.1.0.jar:/Users/gabrielerom/.m2/repository/io/smallrye/smallrye-context-propagation-api/2.1.0/smallrye-context-propagation-api-2.1.0.jar:/Users/gabrielerom/.m2/repository/io/smallrye/smallrye-context-propagation-storage/2.1.0/smallrye-context-propagation-storage-2.1.0.jar:/Users/gabrielerom/.m2/repository/io/smallrye/reactive/mutiny-smallrye-context-propagation/2.3.1/mutiny-smallrye-context-propagation-2.3.1.jar:/Users/gabrielerom/.m2/repository/io/quarkus/quarkus-vertx/3.4.2/quarkus-vertx-3.4.2.jar:/Users/gabrielerom/.m2/repository/io/quarkus/quarkus-netty/3.4.2/quarkus-netty-3.4.2.jar:/Users/gabrielerom/.m2/repository/io/netty/netty-codec/4.1.97.Final/netty-codec-4.1.97.Final.jar:/Users/gabrielerom/.m2/repository/com/aayushatharva/brotli4j/brotli4j/1.12.0/brotli4j-1.12.0.jar:/Users/gabrielerom/.m2/repository/com/aayushatharva/brotli4j/service/1.12.0/service-1.12.0.jar:/Users/gabrielerom/.m2/repository/com/aayushatharva/brotli4j/native-osx-x86_64/1.12.0/native-osx-x86_64-1.12.0.jar:/Users/gabrielerom/.m2/repository/io/netty/netty-codec-haproxy/4.1.97.Final/netty-codec-haproxy-4.1.97.Final.jar:/Users/gabrielerom/.m2/repository/io/quarkus/quarkus-vertx-latebound-mdc-provider/3.4.2/quarkus-vertx-latebound-mdc-provider-3.4.2.jar:/Users/gabrielerom/.m2/repository/io/smallrye/smallrye-fault-tolerance-vertx/6.2.6/smallrye-fault-tolerance-vertx-6.2.6.jar:/Users/gabrielerom/.m2/repository/io/quarkus/resteasy/reactive/resteasy-reactive-vertx/3.4.2/resteasy-reactive-vertx-3.4.2.jar:/Users/gabrielerom/.m2/repository/io/vertx/vertx-web/4.4.5/vertx-web-4.4.5.jar:/Users/gabrielerom/.m2/repository/io/vertx/vertx-web-common/4.4.5/vertx-web-common-4.4.5.jar:/Users/gabrielerom/.m2/repository/io/vertx/vertx-auth-common/4.4.5/vertx-auth-common-4.4.5.jar:/Users/gabrielerom/.m2/repository/io/vertx/vertx-bridge-common/4.4.5/vertx-bridge-common-4.4.5.jar:/Users/gabrielerom/.m2/repository/io/smallrye/reactive/smallrye-mutiny-vertx-core/3.5.0/smallrye-mutiny-vertx-core-3.5.0.jar:/Users/gabrielerom/.m2/repository/io/smallrye/reactive/smallrye-mutiny-vertx-runtime/3.5.0/smallrye-mutiny-vertx-runtime-3.5.0.jar:/Users/gabrielerom/.m2/repository/io/smallrye/reactive/vertx-mutiny-generator/3.5.0/vertx-mutiny-generator-3.5.0.jar:/Users/gabrielerom/.m2/repository/io/vertx/vertx-codegen/4.4.5/vertx-codegen-4.4.5.jar:/Users/gabrielerom/.m2/repository/io/quarkus/resteasy/reactive/resteasy-reactive/3.4.2/resteasy-reactive-3.4.2.jar:/Users/gabrielerom/.m2/repository/jakarta/ws/rs/jakarta.ws.rs-api/3.1.0/jakarta.ws.rs-api-3.1.0.jar:/Users/gabrielerom/.m2/repository/org/jboss/logging/commons-logging-jboss-logging/1.0.0.Final/commons-logging-jboss-logging-1.0.0.Final.jar:/Users/gabrielerom/.m2/repository/jakarta/xml/bind/jakarta.xml.bind-api/4.0.0/jakarta.xml.bind-api-4.0.0.jar:/Users/gabrielerom/.m2/repository/jakarta/activation/jakarta.activation-api/2.1.2/jakarta.activation-api-2.1.2.jar:/Users/gabrielerom/.m2/repository/io/quarkus/quarkus-vertx-http/3.4.2/quarkus-vertx-http-3.4.2.jar:/Users/gabrielerom/.m2/repository/io/quarkus/quarkus-security-runtime-spi/3.4.2/quarkus-security-runtime-spi-3.4.2.jar:/Users/gabrielerom/.m2/repository/io/quarkus/quarkus-credentials/3.4.2/quarkus-credentials-3.4.2.jar:/Users/gabrielerom/.m2/repository/io/smallrye/common/smallrye-common-vertx-context/2.1.2/smallrye-common-vertx-context-2.1.2.jar:/Users/gabrielerom/.m2/repository/io/quarkus/quarkus-vertx-http-dev-console-runtime-spi/3.4.2/quarkus-vertx-http-dev-console-runtime-spi-3.4.2.jar:/Users/gabrielerom/.m2/repository/io/quarkus/security/quarkus-security/2.0.2.Final/quarkus-security-2.0.2.Final.jar:/Users/gabrielerom/.m2/repository/io/smallrye/reactive/smallrye-mutiny-vertx-web/3.5.0/smallrye-mutiny-vertx-web-3.5.0.jar:/Users/gabrielerom/.m2/repository/io/smallrye/reactive/smallrye-mutiny-vertx-web-common/3.5.0/smallrye-mutiny-vertx-web-common-3.5.0.jar:/Users/gabrielerom/.m2/repository/io/smallrye/reactive/smallrye-mutiny-vertx-auth-common/3.5.0/smallrye-mutiny-vertx-auth-common-3.5.0.jar:/Users/gabrielerom/.m2/repository/io/smallrye/reactive/smallrye-mutiny-vertx-bridge-common/3.5.0/smallrye-mutiny-vertx-bridge-common-3.5.0.jar:/Users/gabrielerom/.m2/repository/io/smallrye/reactive/smallrye-mutiny-vertx-uri-template/3.5.0/smallrye-mutiny-vertx-uri-template-3.5.0.jar:/Users/gabrielerom/.m2/repository/io/vertx/vertx-uri-template/4.4.5/vertx-uri-template-4.4.5.jar:/Users/gabrielerom/.m2/repository/io/github/crac/org-crac/0.1.3/org-crac-0.1.3.jar:/Users/gabrielerom/.m2/repository/io/quarkus/quarkus-jsonp/3.4.2/quarkus-jsonp-3.4.2.jar:/Users/gabrielerom/.m2/repository/org/eclipse/parsson/parsson/1.1.2/parsson-1.1.2.jar:/Users/gabrielerom/.m2/repository/io/quarkus/quarkus-virtual-threads/3.4.2/quarkus-virtual-threads-3.4.2.jar:/Users/gabrielerom/.m2/repository/io/vertx/vertx-core/4.4.5/vertx-core-4.4.5.jar:/Users/gabrielerom/.m2/repository/io/netty/netty-common/4.1.97.Final/netty-common-4.1.97.Final.jar:/Users/gabrielerom/.m2/repository/io/netty/netty-buffer/4.1.97.Final/netty-buffer-4.1.97.Final.jar:/Users/gabrielerom/.m2/repository/io/netty/netty-transport/4.1.97.Final/netty-transport-4.1.97.Final.jar:/Users/gabrielerom/.m2/repository/io/netty/netty-handler/4.1.97.Final/netty-handler-4.1.97.Final.jar:/Users/gabrielerom/.m2/repository/io/netty/netty-transport-native-unix-common/4.1.97.Final/netty-transport-native-unix-common-4.1.97.Final.jar:/Users/gabrielerom/.m2/repository/io/netty/netty-handler-proxy/4.1.97.Final/netty-handler-proxy-4.1.97.Final.jar:/Users/gabrielerom/.m2/repository/io/netty/netty-codec-socks/4.1.97.Final/netty-codec-socks-4.1.97.Final.jar:/Users/gabrielerom/.m2/repository/io/netty/netty-codec-http/4.1.97.Final/netty-codec-http-4.1.97.Final.jar:/Users/gabrielerom/.m2/repository/io/netty/netty-codec-http2/4.1.97.Final/netty-codec-http2-4.1.97.Final.jar:/Users/gabrielerom/.m2/repository/io/netty/netty-resolver/4.1.97.Final/netty-resolver-4.1.97.Final.jar:/Users/gabrielerom/.m2/repository/io/netty/netty-resolver-dns/4.1.97.Final/netty-resolver-dns-4.1.97.Final.jar:/Users/gabrielerom/.m2/repository/io/netty/netty-codec-dns/4.1.97.Final/netty-codec-dns-4.1.97.Final.jar:/Users/gabrielerom/.m2/repository/io/quarkus/quarkus-smallrye-reactive-messaging-kafka/3.4.2/quarkus-smallrye-reactive-messaging-kafka-3.4.2.jar:/Users/gabrielerom/.m2/repository/io/quarkus/quarkus-kafka-client/3.4.2/quarkus-kafka-client-3.4.2.jar:/Users/gabrielerom/.m2/repository/io/quarkus/quarkus-caffeine/3.4.2/quarkus-caffeine-3.4.2.jar:/Users/gabrielerom/.m2/repository/com/github/ben-manes/caffeine/caffeine/3.1.5/caffeine-3.1.5.jar:/Users/gabrielerom/.m2/repository/com/google/errorprone/error_prone_annotations/2.20.0/error_prone_annotations-2.20.0.jar:/Users/gabrielerom/.m2/repository/io/smallrye/reactive/smallrye-reactive-messaging-kafka/4.9.0/smallrye-reactive-messaging-kafka-4.9.0.jar:/Users/gabrielerom/.m2/repository/io/smallrye/reactive/smallrye-reactive-messaging-kafka-api/4.9.0/smallrye-reactive-messaging-kafka-api-4.9.0.jar:/Users/gabrielerom/.m2/repository/io/smallrye/reactive/smallrye-reactive-messaging-otel/4.9.0/smallrye-reactive-messaging-otel-4.9.0.jar:/Users/gabrielerom/.m2/repository/io/opentelemetry/opentelemetry-api/1.28.0/opentelemetry-api-1.28.0.jar:/Users/gabrielerom/.m2/repository/io/opentelemetry/opentelemetry-context/1.28.0/opentelemetry-context-1.28.0.jar:/Users/gabrielerom/.m2/repository/io/opentelemetry/opentelemetry-semconv/1.28.0-alpha/opentelemetry-semconv-1.28.0-alpha.jar:/Users/gabrielerom/.m2/repository/io/opentelemetry/instrumentation/opentelemetry-instrumentation-api/1.28.0/opentelemetry-instrumentation-api-1.28.0.jar:/Users/gabrielerom/.m2/repository/io/opentelemetry/opentelemetry-extension-incubator/1.28.0-alpha/opentelemetry-extension-incubator-1.28.0-alpha.jar:/Users/gabrielerom/.m2/repository/io/opentelemetry/instrumentation/opentelemetry-instrumentation-api-semconv/1.28.0-alpha/opentelemetry-instrumentation-api-semconv-1.28.0-alpha.jar:/Users/gabrielerom/.m2/repository/io/smallrye/reactive/smallrye-reactive-converter-api/3.0.0/smallrye-reactive-converter-api-3.0.0.jar:/Users/gabrielerom/.m2/repository/io/smallrye/reactive/mutiny-zero/1.0.0/mutiny-zero-1.0.0.jar:/Users/gabrielerom/.m2/repository/io/smallrye/reactive/mutiny-zero-flow-adapters/1.0.0/mutiny-zero-flow-adapters-1.0.0.jar:/Users/gabrielerom/.m2/repository/io/quarkus/quarkus-jackson/3.4.2/quarkus-jackson-3.4.2.jar:/Users/gabrielerom/.m2/repository/com/fasterxml/jackson/core/jackson-databind/2.15.2/jackson-databind-2.15.2.jar:/Users/gabrielerom/.m2/repository/com/fasterxml/jackson/core/jackson-annotations/2.15.2/jackson-annotations-2.15.2.jar:/Users/gabrielerom/.m2/repository/com/fasterxml/jackson/datatype/jackson-datatype-jsr310/2.15.2/jackson-datatype-jsr310-2.15.2.jar:/Users/gabrielerom/.m2/repository/com/fasterxml/jackson/datatype/jackson-datatype-jdk8/2.15.2/jackson-datatype-jdk8-2.15.2.jar:/Users/gabrielerom/.m2/repository/com/fasterxml/jackson/module/jackson-module-parameter-names/2.15.2/jackson-module-parameter-names-2.15.2.jar:/Users/gabrielerom/.m2/repository/org/apache/kafka/kafka-clients/3.5.1/kafka-clients-3.5.1.jar:/Users/gabrielerom/.m2/repository/com/github/luben/zstd-jni/1.5.5-1/zstd-jni-1.5.5-1.jar:/Users/gabrielerom/.m2/repository/org/lz4/lz4-java/1.8.0/lz4-java-1.8.0.jar:/Users/gabrielerom/.m2/repository/org/xerial/snappy/snappy-java/1.1.10.5/snappy-java-1.1.10.5.jar:/Users/gabrielerom/.m2/repository/io/quarkus/quarkus-smallrye-reactive-messaging/3.4.2/quarkus-smallrye-reactive-messaging-3.4.2.jar:/Users/gabrielerom/.m2/repository/io/quarkus/quarkus-mutiny-reactive-streams-operators/3.4.2/quarkus-mutiny-reactive-streams-operators-3.4.2.jar:/Users/gabrielerom/.m2/repository/org/eclipse/microprofile/reactive-streams-operators/microprofile-reactive-streams-operators-api/3.0/microprofile-reactive-streams-operators-api-3.0.jar:/Users/gabrielerom/.m2/repository/org/eclipse/microprofile/reactive-streams-operators/microprofile-reactive-streams-operators-core/3.0/microprofile-reactive-streams-operators-core-3.0.jar:/Users/gabrielerom/.m2/repository/io/smallrye/reactive/mutiny-reactive-streams-operators/2.3.1/mutiny-reactive-streams-operators-2.3.1.jar:/Users/gabrielerom/.m2/repository/io/quarkus/quarkus-smallrye-reactive-messaging-kotlin/3.4.2/quarkus-smallrye-reactive-messaging-kotlin-3.4.2.jar:/Users/gabrielerom/.m2/repository/io/smallrye/common/smallrye-common-annotation/2.1.2/smallrye-common-annotation-2.1.2.jar:/Users/gabrielerom/.m2/repository/io/smallrye/reactive/smallrye-reactive-messaging-health/4.9.0/smallrye-reactive-messaging-health-4.9.0.jar:/Users/gabrielerom/.m2/repository/org/eclipse/microprofile/health/microprofile-health-api/4.0.1/microprofile-health-api-4.0.1.jar:/Users/gabrielerom/.m2/repository/io/smallrye/reactive/smallrye-reactive-messaging-provider/4.9.0/smallrye-reactive-messaging-provider-4.9.0.jar:/Users/gabrielerom/.m2/repository/io/smallrye/reactive/smallrye-reactive-messaging-api/4.9.0/smallrye-reactive-messaging-api-4.9.0.jar:/Users/gabrielerom/.m2/repository/jakarta/annotation/jakarta.annotation-api/2.1.1/jakarta.annotation-api-2.1.1.jar:/Users/gabrielerom/.m2/repository/io/quarkus/quarkus-junit5/3.4.2/quarkus-junit5-3.4.2.jar:/Users/gabrielerom/.m2/repository/io/quarkus/quarkus-bootstrap-core/3.4.2/quarkus-bootstrap-core-3.4.2.jar:/Users/gabrielerom/.m2/repository/io/quarkus/quarkus-bootstrap-app-model/3.4.2/quarkus-bootstrap-app-model-3.4.2.jar:/Users/gabrielerom/.m2/repository/io/smallrye/common/smallrye-common-io/2.1.2/smallrye-common-io-2.1.2.jar:/Users/gabrielerom/.m2/repository/org/eclipse/sisu/org.eclipse.sisu.inject/0.3.5/org.eclipse.sisu.inject-0.3.5.jar:/Users/gabrielerom/.m2/repository/io/quarkus/quarkus-test-common/3.4.2/quarkus-test-common-3.4.2.jar:/Users/gabrielerom/.m2/repository/io/quarkus/quarkus-core-deployment/3.4.2/quarkus-core-deployment-3.4.2.jar:/Users/gabrielerom/.m2/repository/org/aesh/readline/2.4/readline-2.4.jar:/Users/gabrielerom/.m2/repository/org/fusesource/jansi/jansi/2.4.0/jansi-2.4.0.jar:/Users/gabrielerom/.m2/repository/org/aesh/aesh/2.7/aesh-2.7.jar:/Users/gabrielerom/.m2/repository/io/quarkus/gizmo/gizmo/1.6.1.Final/gizmo-1.6.1.Final.jar:/Users/gabrielerom/.m2/repository/org/ow2/asm/asm-util/9.5/asm-util-9.5.jar:/Users/gabrielerom/.m2/repository/org/ow2/asm/asm-analysis/9.5/asm-analysis-9.5.jar:/Users/gabrielerom/.m2/repository/org/ow2/asm/asm/9.5/asm-9.5.jar:/Users/gabrielerom/.m2/repository/org/ow2/asm/asm-commons/9.5/asm-commons-9.5.jar:/Users/gabrielerom/.m2/repository/org/ow2/asm/asm-tree/9.5/asm-tree-9.5.jar:/Users/gabrielerom/.m2/repository/io/quarkus/quarkus-class-change-agent/3.4.2/quarkus-class-change-agent-3.4.2.jar:/Users/gabrielerom/.m2/repository/io/quarkus/quarkus-devtools-utilities/3.4.2/quarkus-devtools-utilities-3.4.2.jar:/Users/gabrielerom/.m2/repository/io/quarkus/quarkus-builder/3.4.2/quarkus-builder-3.4.2.jar:/Users/gabrielerom/.m2/repository/org/graalvm/sdk/graal-sdk/23.0.1/graal-sdk-23.0.1.jar:/Users/gabrielerom/.m2/repository/org/junit/platform/junit-platform-launcher/1.9.3/junit-platform-launcher-1.9.3.jar:/Users/gabrielerom/.m2/repository/io/quarkus/quarkus-bootstrap-maven-resolver/3.4.2/quarkus-bootstrap-maven-resolver-3.4.2.jar:/Users/gabrielerom/.m2/repository/io/smallrye/beanbag/smallrye-beanbag-maven/1.3.2/smallrye-beanbag-maven-1.3.2.jar:/Users/gabrielerom/.m2/repository/io/smallrye/beanbag/smallrye-beanbag-sisu/1.3.2/smallrye-beanbag-sisu-1.3.2.jar:/Users/gabrielerom/.m2/repository/io/smallrye/beanbag/smallrye-beanbag/1.3.2/smallrye-beanbag-1.3.2.jar:/Users/gabrielerom/.m2/repository/javax/inject/javax.inject/1/javax.inject-1.jar:/Users/gabrielerom/.m2/repository/org/apache/maven/maven-artifact/3.9.3/maven-artifact-3.9.3.jar:/Users/gabrielerom/.m2/repository/org/apache/maven/maven-builder-support/3.9.3/maven-builder-support-3.9.3.jar:/Users/gabrielerom/.m2/repository/org/apache/maven/maven-model/3.9.3/maven-model-3.9.3.jar:/Users/gabrielerom/.m2/repository/org/apache/maven/maven-model-builder/3.9.3/maven-model-builder-3.9.3.jar:/Users/gabrielerom/.m2/repository/org/apache/maven/maven-repository-metadata/3.9.3/maven-repository-metadata-3.9.3.jar:/Users/gabrielerom/.m2/repository/org/apache/maven/maven-settings/3.9.3/maven-settings-3.9.3.jar:/Users/gabrielerom/.m2/repository/org/apache/maven/resolver/maven-resolver-api/1.9.13/maven-resolver-api-1.9.13.jar:/Users/gabrielerom/.m2/repository/org/apache/maven/resolver/maven-resolver-impl/1.9.13/maven-resolver-impl-1.9.13.jar:/Users/gabrielerom/.m2/repository/org/apache/maven/resolver/maven-resolver-named-locks/1.9.13/maven-resolver-named-locks-1.9.13.jar:/Users/gabrielerom/.m2/repository/org/apache/maven/resolver/maven-resolver-spi/1.9.13/maven-resolver-spi-1.9.13.jar:/Users/gabrielerom/.m2/repository/org/apache/maven/resolver/maven-resolver-util/1.9.13/maven-resolver-util-1.9.13.jar:/Users/gabrielerom/.m2/repository/org/apache/maven/resolver/maven-resolver-transport-http/1.9.10/maven-resolver-transport-http-1.9.10.jar:/Users/gabrielerom/.m2/repository/org/apache/maven/wagon/wagon-provider-api/3.5.3/wagon-provider-api-3.5.3.jar:/Users/gabrielerom/.m2/repository/org/apache/maven/wagon/wagon-http-shared/3.5.3/wagon-http-shared-3.5.3.jar:/Users/gabrielerom/.m2/repository/org/codehaus/plexus/plexus-interpolation/1.26/plexus-interpolation-1.26.jar:/Users/gabrielerom/.m2/repository/org/codehaus/plexus/plexus-utils/3.5.1/plexus-utils-3.5.1.jar:/Users/gabrielerom/.m2/repository/org/codehaus/plexus/plexus-xml/4.0.0/plexus-xml-4.0.0.jar:/Users/gabrielerom/.m2/repository/org/apache/maven/maven-xml-impl/4.0.0-alpha-5/maven-xml-impl-4.0.0-alpha-5.jar:/Users/gabrielerom/.m2/repository/org/apache/maven/maven-api-xml/4.0.0-alpha-5/maven-api-xml-4.0.0-alpha-5.jar:/Users/gabrielerom/.m2/repository/org/apache/maven/maven-api-meta/4.0.0-alpha-5/maven-api-meta-4.0.0-alpha-5.jar:/Users/gabrielerom/.m2/repository/org/codehaus/plexus/plexus-cipher/2.0/plexus-cipher-2.0.jar:/Users/gabrielerom/.m2/repository/org/codehaus/plexus/plexus-sec-dispatcher/2.0/plexus-sec-dispatcher-2.0.jar:/Users/gabrielerom/.m2/repository/org/apache/maven/maven-embedder/3.9.3/maven-embedder-3.9.3.jar:/Users/gabrielerom/.m2/repository/org/apache/maven/maven-core/3.9.3/maven-core-3.9.3.jar:/Users/gabrielerom/.m2/repository/org/codehaus/plexus/plexus-component-annotations/2.1.0/plexus-component-annotations-2.1.0.jar:/Users/gabrielerom/.m2/repository/org/apache/maven/maven-plugin-api/3.9.3/maven-plugin-api-3.9.3.jar:/Users/gabrielerom/.m2/repository/org/apache/maven/shared/maven-shared-utils/3.3.4/maven-shared-utils-3.3.4.jar:/Users/gabrielerom/.m2/repository/com/google/inject/guice/5.1.0/guice-5.1.0.jar:/Users/gabrielerom/.m2/repository/aopalliance/aopalliance/1.0/aopalliance-1.0.jar:/Users/gabrielerom/.m2/repository/com/google/guava/guava/32.1.1-jre/guava-32.1.1-jre.jar:/Users/gabrielerom/.m2/repository/com/google/guava/failureaccess/1.0.1/failureaccess-1.0.1.jar:/Users/gabrielerom/.m2/repository/javax/annotation/javax.annotation-api/1.3.2/javax.annotation-api-1.3.2.jar:/Users/gabrielerom/.m2/repository/org/codehaus/plexus/plexus-classworlds/2.6.0/plexus-classworlds-2.6.0.jar:/Users/gabrielerom/.m2/repository/commons-cli/commons-cli/1.5.0/commons-cli-1.5.0.jar:/Users/gabrielerom/.m2/repository/org/eclipse/sisu/org.eclipse.sisu.plexus/0.3.5/org.eclipse.sisu.plexus-0.3.5.jar:/Users/gabrielerom/.m2/repository/org/apache/maven/maven-settings-builder/3.9.3/maven-settings-builder-3.9.3.jar:/Users/gabrielerom/.m2/repository/org/apache/maven/maven-resolver-provider/3.9.3/maven-resolver-provider-3.9.3.jar:/Users/gabrielerom/.m2/repository/org/apache/maven/resolver/maven-resolver-connector-basic/1.9.13/maven-resolver-connector-basic-1.9.13.jar:/Users/gabrielerom/.m2/repository/org/apache/maven/resolver/maven-resolver-transport-wagon/1.9.13/maven-resolver-transport-wagon-1.9.13.jar:/Users/gabrielerom/.m2/repository/org/apache/maven/wagon/wagon-http/3.5.3/wagon-http-3.5.3.jar:/Users/gabrielerom/.m2/repository/org/apache/maven/wagon/wagon-file/3.5.3/wagon-file-3.5.3.jar:/Users/gabrielerom/.m2/repository/io/quarkus/quarkus-bootstrap-gradle-resolver/3.4.2/quarkus-bootstrap-gradle-resolver-3.4.2.jar:/Users/gabrielerom/.m2/repository/io/smallrye/jandex/3.1.3/jandex-3.1.3.jar:/Users/gabrielerom/.m2/repository/commons-io/commons-io/2.13.0/commons-io-2.13.0.jar:/Users/gabrielerom/.m2/repository/io/quarkus/quarkus-junit5-properties/3.4.2/quarkus-junit5-properties-3.4.2.jar:/Users/gabrielerom/.m2/repository/org/junit/jupiter/junit-jupiter/5.9.3/junit-jupiter-5.9.3.jar:/Users/gabrielerom/.m2/repository/org/junit/jupiter/junit-jupiter-api/5.9.3/junit-jupiter-api-5.9.3.jar:/Users/gabrielerom/.m2/repository/org/opentest4j/opentest4j/1.2.0/opentest4j-1.2.0.jar:/Users/gabrielerom/.m2/repository/org/junit/platform/junit-platform-commons/1.9.3/junit-platform-commons-1.9.3.jar:/Users/gabrielerom/.m2/repository/org/apiguardian/apiguardian-api/1.1.2/apiguardian-api-1.1.2.jar:/Users/gabrielerom/.m2/repository/org/junit/jupiter/junit-jupiter-params/5.9.3/junit-jupiter-params-5.9.3.jar:/Users/gabrielerom/.m2/repository/org/junit/jupiter/junit-jupiter-engine/5.9.3/junit-jupiter-engine-5.9.3.jar:/Users/gabrielerom/.m2/repository/org/junit/platform/junit-platform-engine/1.9.3/junit-platform-engine-1.9.3.jar:/Users/gabrielerom/.m2/repository/com/thoughtworks/xstream/xstream/1.4.20/xstream-1.4.20.jar:/Users/gabrielerom/.m2/repository/io/github/x-stream/mxparser/1.2.2/mxparser-1.2.2.jar:/Users/gabrielerom/.m2/repository/xmlpull/xmlpull/1.1.3.1/xmlpull-1.1.3.1.jar:/Users/gabrielerom/.m2/repository/io/rest-assured/rest-assured/5.3.0/rest-assured-5.3.0.jar:/Users/gabrielerom/.m2/repository/org/apache/groovy/groovy/4.0.6/groovy-4.0.6.jar:/Users/gabrielerom/.m2/repository/org/apache/groovy/groovy-xml/4.0.6/groovy-xml-4.0.6.jar:/Users/gabrielerom/.m2/repository/org/apache/httpcomponents/httpclient/4.5.14/httpclient-4.5.14.jar:/Users/gabrielerom/.m2/repository/org/apache/httpcomponents/httpcore/4.4.16/httpcore-4.4.16.jar:/Users/gabrielerom/.m2/repository/commons-codec/commons-codec/1.16.0/commons-codec-1.16.0.jar:/Users/gabrielerom/.m2/repository/org/apache/httpcomponents/httpmime/4.5.14/httpmime-4.5.14.jar:/Users/gabrielerom/.m2/repository/org/hamcrest/hamcrest/2.1/hamcrest-2.1.jar:/Users/gabrielerom/.m2/repository/org/ccil/cowan/tagsoup/tagsoup/1.2.1/tagsoup-1.2.1.jar:/Users/gabrielerom/.m2/repository/io/rest-assured/json-path/5.3.0/json-path-5.3.0.jar:/Users/gabrielerom/.m2/repository/org/apache/groovy/groovy-json/4.0.6/groovy-json-4.0.6.jar:/Users/gabrielerom/.m2/repository/io/rest-assured/rest-assured-common/5.3.0/rest-assured-common-5.3.0.jar:/Users/gabrielerom/.m2/repository/io/rest-assured/xml-path/5.3.0/xml-path-5.3.0.jar:/Users/gabrielerom/.m2/repository/org/apache/commons/commons-lang3/3.12.0/commons-lang3-3.12.0.jar:/Users/gabrielerom/.m2/repository/org/eclipse/microprofile/metrics/microprofile-metrics-api/4.0.1/microprofile-metrics-api-4.0.1.jar:/Users/gabrielerom/.m2/repository/io/quarkus/quarkus-smallrye-openapi/3.4.2/quarkus-smallrye-openapi-3.4.2.jar:/Users/gabrielerom/.m2/repository/io/smallrye/smallrye-open-api-core/3.5.2/smallrye-open-api-core-3.5.2.jar:/Users/gabrielerom/.m2/repository/org/eclipse/microprofile/openapi/microprofile-openapi-api/3.1.1/microprofile-openapi-api-3.1.1.jar:/Users/gabrielerom/.m2/repository/org/eclipse/microprofile/config/microprofile-config-api/3.0.3/microprofile-config-api-3.0.3.jar:/Users/gabrielerom/.m2/repository/com/fasterxml/jackson/core/jackson-core/2.15.2/jackson-core-2.15.2.jar:/Users/gabrielerom/.m2/repository/com/fasterxml/jackson/dataformat/jackson-dataformat-yaml/2.15.2/jackson-dataformat-yaml-2.15.2.jar:/Users/gabrielerom/.m2/repository/org/yaml/snakeyaml/2.1/snakeyaml-2.1.jar:/Users/gabrielerom/.m2/repository/io/quarkus/quarkus-swagger-ui/3.4.2/quarkus-swagger-ui-3.4.2.jar:/Users/gabrielerom/.m2/repository/io/quarkus/quarkus-test-kafka-companion/3.4.2/quarkus-test-kafka-companion-3.4.2.jar:/Users/gabrielerom/.m2/repository/io/smallrye/reactive/smallrye-reactive-messaging-kafka-test-companion/4.9.0/smallrye-reactive-messaging-kafka-test-companion-4.9.0.jar:/Users/gabrielerom/.m2/repository/com/opencsv/opencsv/5.8/opencsv-5.8.jar:/Users/gabrielerom/.m2/repository/org/apache/commons/commons-text/1.10.0/commons-text-1.10.0.jar:/Users/gabrielerom/.m2/repository/commons-beanutils/commons-beanutils/1.9.4/commons-beanutils-1.9.4.jar:/Users/gabrielerom/.m2/repository/commons-collections/commons-collections/3.2.2/commons-collections-3.2.2.jar:/Users/gabrielerom/.m2/repository/org/apache/commons/commons-collections4/4.4/commons-collections4-4.4.jar:/Users/gabrielerom/.m2/repository/org/testcontainers/toxiproxy/1.18.3/toxiproxy-1.18.3.jar:/Users/gabrielerom/.m2/repository/eu/rekawek/toxiproxy/toxiproxy-java/2.1.7/toxiproxy-java-2.1.7.jar:/Users/gabrielerom/.m2/repository/com/google/code/gson/gson/2.10.1/gson-2.10.1.jar:/Users/gabrielerom/.m2/repository/io/strimzi/strimzi-test-container/0.100.0/strimzi-test-container-0.100.0.jar:/Users/gabrielerom/.m2/repository/com/github/docker-java/docker-java-api/3.3.0/docker-java-api-3.3.0.jar:/Users/gabrielerom/.m2/repository/org/apache/commons/commons-compress/1.24.0/commons-compress-1.24.0.jar:/Users/gabrielerom/.m2/repository/org/testcontainers/testcontainers/1.18.3/testcontainers-1.18.3.jar:/Users/gabrielerom/.m2/repository/junit/junit/4.13.2/junit-4.13.2.jar:/Users/gabrielerom/.m2/repository/org/rnorth/duct-tape/duct-tape/1.0.8/duct-tape-1.0.8.jar:/Users/gabrielerom/.m2/repository/org/jetbrains/annotations/24.0.1/annotations-24.0.1.jar:/Users/gabrielerom/.m2/repository/com/github/docker-java/docker-java-transport-zerodep/3.3.0/docker-java-transport-zerodep-3.3.0.jar:/Users/gabrielerom/.m2/repository/com/github/docker-java/docker-java-transport/3.3.0/docker-java-transport-3.3.0.jar:/Users/gabrielerom/.m2/repository/net/java/dev/jna/jna/5.8.0/jna-5.8.0.jar:/Users/gabrielerom/.m2/repository/org/awaitility/awaitility/4.2.0/awaitility-4.2.0.jar:/Users/gabrielerom/.m2/repository/io/quarkus/quarkus-micrometer/3.4.2/quarkus-micrometer-3.4.2.jar:/Users/gabrielerom/.m2/repository/io/micrometer/micrometer-core/1.11.1/micrometer-core-1.11.1.jar:/Users/gabrielerom/.m2/repository/io/micrometer/micrometer-commons/1.11.1/micrometer-commons-1.11.1.jar:/Users/gabrielerom/.m2/repository/io/micrometer/micrometer-observation/1.11.1/micrometer-observation-1.11.1.jar:/Users/gabrielerom/.m2/repository/org/hdrhistogram/HdrHistogram/2.1.12/HdrHistogram-2.1.12.jar:/Users/gabrielerom/.m2/repository/org/latencyutils/LatencyUtils/2.0.3/LatencyUtils-2.0.3.jar:/Users/gabrielerom/.m2/repository/org/jboss/slf4j/slf4j-jboss-logmanager/2.0.0.Final/slf4j-jboss-logmanager-2.0.0.Final.jar:/Users/gabrielerom/.m2/repository/io/quarkus/quarkus-micrometer-registry-prometheus/3.4.2/quarkus-micrometer-registry-prometheus-3.4.2.jar:/Users/gabrielerom/.m2/repository/io/micrometer/micrometer-registry-prometheus/1.11.1/micrometer-registry-prometheus-1.11.1.jar:/Users/gabrielerom/.m2/repository/io/prometheus/simpleclient_common/0.16.0/simpleclient_common-0.16.0.jar:/Users/gabrielerom/.m2/repository/io/prometheus/simpleclient/0.16.0/simpleclient-0.16.0.jar:/Users/gabrielerom/.m2/repository/io/prometheus/simpleclient_tracer_otel/0.16.0/simpleclient_tracer_otel-0.16.0.jar:/Users/gabrielerom/.m2/repository/io/prometheus/simpleclient_tracer_common/0.16.0/simpleclient_tracer_common-0.16.0.jar:/Users/gabrielerom/.m2/repository/io/prometheus/simpleclient_tracer_otel_agent/0.16.0/simpleclient_tracer_otel_agent-0.16.0.jar:"/>
    <property name="sun.cpu.endian" value="little"/>
    <property name="vertx.disableWebsockets" value="true"/>
    <property name="user.home" value="/Users/gabrielerom"/>
    <property name="user.language" value="pt"/>
    <property name="jboss.log-version" value="false"/>
    <property name="java.specification.vendor" value="Oracle Corporation"/>
    <property name="io.netty.allocator.maxOrder" value="3"/>
    <property name="java.version.date" value="2023-09-19"/>
    <property name="java.home" value="/usr/local/Cellar/openjdk/21/libexec/openjdk.jdk/Contents/Home"/>
    <property name="file.separator" value="/"/>
    <property name="basedir" value="/Users/gabrielerom/firefighters-sre/building-app"/>
    <property name="java.vm.compressedOopsMode" value="Zero based"/>
    <property name="line.separator" value="&#10;"/>
    <property name="java.vm.specification.vendor" value="Oracle Corporation"/>
    <property name="java.specification.name" value="Java Platform API Specification"/>
    <property name="apple.awt.application.name" value="ForkedBooter"/>
    <property name="surefire.real.class.path" value="/Users/gabrielerom/firefighters-sre/building-app/target/surefire/surefirebooter-20231006163627623_3.jar"/>
    <property name="sun.management.compiler" value="HotSpot 64-Bit Tiered Compilers"/>
    <property name="ftp.nonProxyHosts" value="local|*.local|169.254/16|*.169.254/16"/>
    <property name="java.runtime.version" value="21"/>
    <property name="user.name" value="gabrielerom"/>
    <property name="stdout.encoding" value="UTF-8"/>
    <property name="path.separator" value=":"/>
    <property name="os.version" value="14.0"/>
    <property name="java.runtime.name" value="OpenJDK Runtime Environment"/>
    <property name="file.encoding" value="UTF-8"/>
    <property name="java.vm.name" value="OpenJDK 64-Bit Server VM"/>
    <property name="java.vendor.version" value="Homebrew"/>
    <property name="localRepository" value="/Users/gabrielerom/.m2/repository"/>
    <property name="java.vendor.url.bug" value="https://github.com/Homebrew/homebrew-core/issues"/>
    <property name="java.io.tmpdir" value="/var/folders/2m/p1gv_kjn6ds2t4_l8yng24xw0000gn/T/"/>
    <property name="quarkus.log.file.path" value="target/quarkus.log"/>
    <property name="java.version" value="21"/>
    <property name="java.util.concurrent.ForkJoinPool.common.threadFactory" value="io.quarkus.bootstrap.forkjoin.QuarkusForkJoinWorkerThreadFactory"/>
    <property name="user.dir" value="/Users/gabrielerom/firefighters-sre/building-app"/>
    <property name="os.arch" value="x86_64"/>
    <property name="java.vm.specification.name" value="Java Virtual Machine Specification"/>
    <property name="vertx.disableDnsResolver" value="true"/>
    <property name="native.encoding" value="UTF-8"/>
    <property name="java.util.logging.manager" value="org.jboss.logmanager.LogManager"/>
    <property name="java.library.path" value="/Users/gabrielerom/Library/Java/Extensions:/Library/Java/Extensions:/Network/Library/Java/Extensions:/System/Library/Java/Extensions:/usr/lib/java:."/>
    <property name="java.vm.info" value="mixed mode, sharing"/>
    <property name="stderr.encoding" value="UTF-8"/>
    <property name="java.vendor" value="Homebrew"/>
    <property name="vertx.disableTCCL" value="true"/>
    <property name="java.vm.version" value="21"/>
    <property name="sun.io.unicode.encoding" value="UnicodeBig"/>
    <property name="io.netty.machineId" value="ea:93:cc:6c:c7:60:f3:fb"/>
    <property name="socksNonProxyHosts" value="local|*.local|169.254/16|*.169.254/16"/>
    <property name="java.class.version" value="65.0"/>
    <property name="mp.openapi.extensions.smallrye.defaultConsumes" value="application/json"/>
  </properties>
  <testcase name="testProcessLobbyEvent" classname="com.redhat.quarkus.service.AccessLogServiceTest" time="4.943">
    <system-out><![CDATA[16:36:32 INFO  traceId=, parentId=, spanId=, sampled= [io.qu.sm.de.processor] (build-7) Generating Jackson deserializer for type com.redhat.quarkus.model.AccessLog
 16:36:32 INFO  traceId=, parentId=, spanId=, sampled= [io.qu.sm.de.processor] (build-7) Generating Jackson serializer for type com.redhat.quarkus.model.MoveLog
 16:36:32 INFO  traceId=, parentId=, spanId=, sampled= [or.te.do.DockerClientProviderStrategy] (build-27) Found Docker environment with Docker accessed via Unix socket (/Users/gabrielerom/.docker/run/docker.sock)
 16:36:32 INFO  traceId=, parentId=, spanId=, sampled= [or.te.DockerClientFactory] (build-27) Docker host IP address is localhost
 16:36:32 INFO  traceId=, parentId=, spanId=, sampled= [or.te.DockerClientFactory] (build-27) Connected to docker: 
  Server Version: 24.0.6
  API Version: 1.43
  Operating System: Docker Desktop
  Total Memory: 7955 MB
 16:36:32 INFO  traceId=, parentId=, spanId=, sampled= [or.te.ut.ImageNameSubstitutor] (build-27) Image name substitution will be performed by: DefaultImageNameSubstitutor (composite of 'ConfigurationFileImageNameSubstitutor' and 'PrefixingImageNameSubstitutor')
 16:36:32 INFO  traceId=, parentId=, spanId=, sampled= [or.te.DockerClientFactory] (build-27) Checking the system...
 16:36:32 INFO  traceId=, parentId=, spanId=, sampled= [or.te.DockerClientFactory] (build-27) ✔︎ Docker server version should be at least 1.6.0
 16:36:32 INFO  traceId=, parentId=, spanId=, sampled= [tc.do.io.3.4] (build-27) Pulling docker image: docker.io/vectorized/redpanda:v22.3.4. Please be patient; this may take some time but only needs to be done once.
 16:36:32 INFO  traceId=, parentId=, spanId=, sampled= [or.te.ut.RegistryAuthLocator] (build-27) Failure when attempting to lookup auth config. Please ignore if you don't have images in an authenticated registry. Details: (dockerImageName: docker.io/vectorized/redpanda:latest, configFile: /Users/gabrielerom/.docker/config.json, configEnv: DOCKER_AUTH_CONFIG). Falling back to docker-java default behaviour. Exception message: Could not execute [docker-credential-desktop, get]. Error=2, No such file or directory
 16:36:35 INFO  traceId=, parentId=, spanId=, sampled= [tc.do.io.3.4] (docker-java-stream--111821119) Starting to pull image
 16:36:35 INFO  traceId=, parentId=, spanId=, sampled= [tc.do.io.3.4] (docker-java-stream--111821119) Pulling image layers:  0 pending,  0 downloaded,  0 extracted, (0 bytes/0 bytes)
 16:36:36 INFO  traceId=, parentId=, spanId=, sampled= [tc.do.io.3.4] (docker-java-stream--111821119) Pulling image layers:  6 pending,  1 downloaded,  0 extracted, (38 KB/? MB)
 16:36:36 INFO  traceId=, parentId=, spanId=, sampled= [tc.do.io.3.4] (docker-java-stream--111821119) Pulling image layers:  5 pending,  2 downloaded,  0 extracted, (3 MB/? MB)
 16:36:37 INFO  traceId=, parentId=, spanId=, sampled= [tc.do.io.3.4] (docker-java-stream--111821119) Pulling image layers:  4 pending,  3 downloaded,  0 extracted, (13 MB/? MB)
 16:36:37 INFO  traceId=, parentId=, spanId=, sampled= [tc.do.io.3.4] (docker-java-stream--111821119) Pulling image layers:  3 pending,  4 downloaded,  0 extracted, (31 MB/? MB)
 16:36:39 INFO  traceId=, parentId=, spanId=, sampled= [tc.do.io.3.4] (docker-java-stream--111821119) Pulling image layers:  2 pending,  5 downloaded,  0 extracted, (84 MB/? MB)
 16:36:39 INFO  traceId=, parentId=, spanId=, sampled= [tc.do.io.3.4] (docker-java-stream--111821119) Pulling image layers:  1 pending,  6 downloaded,  0 extracted, (127 MB/? MB)
 16:36:40 INFO  traceId=, parentId=, spanId=, sampled= [tc.do.io.3.4] (docker-java-stream--111821119) Pulling image layers:  0 pending,  7 downloaded,  0 extracted, (127 MB/133 MB)
 16:36:40 INFO  traceId=, parentId=, spanId=, sampled= [tc.do.io.3.4] (docker-java-stream--111821119) Pulling image layers:  0 pending,  7 downloaded,  1 extracted, (128 MB/133 MB)
 16:36:40 INFO  traceId=, parentId=, spanId=, sampled= [tc.do.io.3.4] (docker-java-stream--111821119) Pulling image layers:  0 pending,  7 downloaded,  2 extracted, (130 MB/133 MB)
 16:36:40 INFO  traceId=, parentId=, spanId=, sampled= [tc.do.io.3.4] (docker-java-stream--111821119) Pulling image layers:  0 pending,  7 downloaded,  3 extracted, (130 MB/133 MB)
 16:36:40 INFO  traceId=, parentId=, spanId=, sampled= [tc.do.io.3.4] (docker-java-stream--111821119) Pulling image layers:  0 pending,  7 downloaded,  4 extracted, (130 MB/133 MB)
 16:36:41 INFO  traceId=, parentId=, spanId=, sampled= [tc.do.io.3.4] (docker-java-stream--111821119) Pulling image layers:  0 pending,  7 downloaded,  5 extracted, (131 MB/133 MB)
 16:36:42 INFO  traceId=, parentId=, spanId=, sampled= [tc.do.io.3.4] (docker-java-stream--111821119) Pulling image layers:  0 pending,  7 downloaded,  6 extracted, (132 MB/133 MB)
 16:36:43 INFO  traceId=, parentId=, spanId=, sampled= [tc.do.io.3.4] (docker-java-stream--111821119) Pulling image layers:  0 pending,  7 downloaded,  7 extracted, (133 MB/133 MB)
 16:36:43 INFO  traceId=, parentId=, spanId=, sampled= [tc.do.io.3.4] (docker-java-stream--111821119) Pull complete. 7 layers, pulled in 7s (downloaded 133 MB at 19 MB/s)
 16:36:43 INFO  traceId=, parentId=, spanId=, sampled= [tc.do.io.3.4] (build-27) Creating container for image: docker.io/vectorized/redpanda:v22.3.4
 16:36:43 INFO  traceId=, parentId=, spanId=, sampled= [tc.te.5.1] (build-27) Pulling docker image: testcontainers/ryuk:0.5.1. Please be patient; this may take some time but only needs to be done once.
 16:36:43 INFO  traceId=, parentId=, spanId=, sampled= [or.te.ut.RegistryAuthLocator] (build-27) Failure when attempting to lookup auth config. Please ignore if you don't have images in an authenticated registry. Details: (dockerImageName: testcontainers/ryuk:latest, configFile: /Users/gabrielerom/.docker/config.json, configEnv: DOCKER_AUTH_CONFIG). Falling back to docker-java default behaviour. Exception message: Could not execute [docker-credential-desktop, get]. Error=2, No such file or directory
 16:36:44 INFO  traceId=, parentId=, spanId=, sampled= [tc.te.5.1] (docker-java-stream--1761815518) Starting to pull image
 16:36:44 INFO  traceId=, parentId=, spanId=, sampled= [tc.te.5.1] (docker-java-stream--1761815518) Pulling image layers:  0 pending,  0 downloaded,  0 extracted, (0 bytes/0 bytes)
 16:36:45 INFO  traceId=, parentId=, spanId=, sampled= [tc.te.5.1] (docker-java-stream--1761815518) Pulling image layers:  2 pending,  1 downloaded,  0 extracted, (333 KB/? MB)
 16:36:46 INFO  traceId=, parentId=, spanId=, sampled= [tc.te.5.1] (docker-java-stream--1761815518) Pulling image layers:  1 pending,  2 downloaded,  0 extracted, (4 MB/? MB)
 16:36:46 INFO  traceId=, parentId=, spanId=, sampled= [tc.te.5.1] (docker-java-stream--1761815518) Pulling image layers:  0 pending,  3 downloaded,  0 extracted, (4 MB/5 MB)
 16:36:46 INFO  traceId=, parentId=, spanId=, sampled= [tc.te.5.1] (docker-java-stream--1761815518) Pulling image layers:  0 pending,  3 downloaded,  1 extracted, (5 MB/5 MB)
 16:36:46 INFO  traceId=, parentId=, spanId=, sampled= [tc.te.5.1] (docker-java-stream--1761815518) Pulling image layers:  0 pending,  3 downloaded,  2 extracted, (5 MB/5 MB)
 16:36:46 INFO  traceId=, parentId=, spanId=, sampled= [tc.te.5.1] (docker-java-stream--1761815518) Pulling image layers:  0 pending,  3 downloaded,  3 extracted, (5 MB/5 MB)
 16:36:46 INFO  traceId=, parentId=, spanId=, sampled= [tc.te.5.1] (docker-java-stream--1761815518) Pull complete. 3 layers, pulled in 1s (downloaded 5 MB at 5 MB/s)
 16:36:46 INFO  traceId=, parentId=, spanId=, sampled= [tc.te.5.1] (build-27) Creating container for image: testcontainers/ryuk:0.5.1
 16:36:47 INFO  traceId=, parentId=, spanId=, sampled= [tc.te.5.1] (build-27) Container testcontainers/ryuk:0.5.1 is starting: bee5c04d8d04c645881b2dae54053595b6d503f656c743cb38da577729c7233e
 16:36:47 INFO  traceId=, parentId=, spanId=, sampled= [tc.te.5.1] (build-27) Container testcontainers/ryuk:0.5.1 started in PT4.37917S
 16:36:47 INFO  traceId=, parentId=, spanId=, sampled= [tc.do.io.3.4] (build-27) Container docker.io/vectorized/redpanda:v22.3.4 is starting: 3c245561027346f294b33deebd4d11f34413436b786d9adf96b5ac82d079a4a2
 16:36:48 INFO  traceId=, parentId=, spanId=, sampled= [tc.do.io.3.4] (build-27) Container docker.io/vectorized/redpanda:v22.3.4 started in PT15.980103S
 16:36:48 INFO  traceId=, parentId=, spanId=, sampled= [io.qu.ka.cl.de.DevServicesKafkaProcessor] (build-27) Dev Services for Kafka started. Other Quarkus applications in dev mode will find the broker automatically. For Quarkus applications in production mode, you can connect to this by starting your application with -Dkafka.bootstrap.servers=OUTSIDE://localhost:55001
 16:36:48 INFO  traceId=, parentId=, spanId=, sampled= [or.ap.ka.cl.ad.AdminClientConfig] (build-27) AdminClientConfig values: 
	auto.include.jmx.reporter = true
	bootstrap.servers = [OUTSIDE://localhost:55001]
	client.dns.lookup = use_all_dns_ips
	client.id = kafka-devservices
	connections.max.idle.ms = 300000
	default.api.timeout.ms = 60000
	metadata.max.age.ms = 300000
	metric.reporters = []
	metrics.num.samples = 2
	metrics.recording.level = INFO
	metrics.sample.window.ms = 30000
	receive.buffer.bytes = 65536
	reconnect.backoff.max.ms = 1000
	reconnect.backoff.ms = 50
	request.timeout.ms = 30000
	retries = 2147483647
	retry.backoff.ms = 100
	sasl.client.callback.handler.class = null
	sasl.jaas.config = null
	sasl.kerberos.kinit.cmd = /usr/bin/kinit
	sasl.kerberos.min.time.before.relogin = 60000
	sasl.kerberos.service.name = null
	sasl.kerberos.ticket.renew.jitter = 0.05
	sasl.kerberos.ticket.renew.window.factor = 0.8
	sasl.login.callback.handler.class = null
	sasl.login.class = null
	sasl.login.connect.timeout.ms = null
	sasl.login.read.timeout.ms = null
	sasl.login.refresh.buffer.seconds = 300
	sasl.login.refresh.min.period.seconds = 60
	sasl.login.refresh.window.factor = 0.8
	sasl.login.refresh.window.jitter = 0.05
	sasl.login.retry.backoff.max.ms = 10000
	sasl.login.retry.backoff.ms = 100
	sasl.mechanism = GSSAPI
	sasl.oauthbearer.clock.skew.seconds = 30
	sasl.oauthbearer.expected.audience = null
	sasl.oauthbearer.expected.issuer = null
	sasl.oauthbearer.jwks.endpoint.refresh.ms = 3600000
	sasl.oauthbearer.jwks.endpoint.retry.backoff.max.ms = 10000
	sasl.oauthbearer.jwks.endpoint.retry.backoff.ms = 100
	sasl.oauthbearer.jwks.endpoint.url = null
	sasl.oauthbearer.scope.claim.name = scope
	sasl.oauthbearer.sub.claim.name = sub
	sasl.oauthbearer.token.endpoint.url = null
	security.protocol = PLAINTEXT
	security.providers = null
	send.buffer.bytes = 131072
	socket.connection.setup.timeout.max.ms = 30000
	socket.connection.setup.timeout.ms = 10000
	ssl.cipher.suites = null
	ssl.enabled.protocols = [TLSv1.2, TLSv1.3]
	ssl.endpoint.identification.algorithm = https
	ssl.engine.factory.class = null
	ssl.key.password = null
	ssl.keymanager.algorithm = SunX509
	ssl.keystore.certificate.chain = null
	ssl.keystore.key = null
	ssl.keystore.location = null
	ssl.keystore.password = null
	ssl.keystore.type = JKS
	ssl.protocol = TLSv1.3
	ssl.provider = null
	ssl.secure.random.implementation = null
	ssl.trustmanager.algorithm = PKIX
	ssl.truststore.certificates = null
	ssl.truststore.location = null
	ssl.truststore.password = null
	ssl.truststore.type = JKS

 16:36:48 INFO  traceId=, parentId=, spanId=, sampled= [or.ap.ka.co.ut.AppInfoParser] (build-27) Kafka version: 3.5.1
 16:36:48 INFO  traceId=, parentId=, spanId=, sampled= [or.ap.ka.co.ut.AppInfoParser] (build-27) Kafka commitId: 2c6fb6c54472e90a
 16:36:48 INFO  traceId=, parentId=, spanId=, sampled= [or.ap.ka.co.ut.AppInfoParser] (build-27) Kafka startTimeMs: 1696621008894
 16:36:49 INFO  traceId=, parentId=, spanId=, sampled= [io.qu.ka.cl.de.DevServicesKafkaProcessor] (build-27) Dev Services for Kafka broker contains following topics with partitions: {lobby=2, entrance=2}
 16:36:49 INFO  traceId=, parentId=, spanId=, sampled= [or.ap.ka.co.ut.AppInfoParser] (kafka-admin-client-thread | kafka-devservices) App info kafka.admin.client for kafka-devservices unregistered
 16:36:49 INFO  traceId=, parentId=, spanId=, sampled= [or.ap.ka.co.me.Metrics] (kafka-admin-client-thread | kafka-devservices) Metrics scheduler closed
 16:36:49 INFO  traceId=, parentId=, spanId=, sampled= [or.ap.ka.co.me.Metrics] (kafka-admin-client-thread | kafka-devservices) Closing reporter org.apache.kafka.common.metrics.JmxReporter
 16:36:49 INFO  traceId=, parentId=, spanId=, sampled= [or.ap.ka.co.me.Metrics] (kafka-admin-client-thread | kafka-devservices) Metrics reporters closed
 16:36:50 INFO  traceId=, parentId=, spanId=, sampled= [io.sm.re.me.kafka] (main) SRMSG18229: Configured topics for channel 'lobby': [lobby]
 16:36:50 INFO  traceId=, parentId=, spanId=, sampled= [io.sm.re.me.kafka] (main) SRMSG18214: Key deserializer omitted, using String as default
 16:36:51 INFO  traceId=, parentId=, spanId=, sampled= [io.sm.re.me.kafka] (smallrye-kafka-producer-thread-0) SRMSG18258: Kafka producer kafka-producer-entrance, connected to Kafka brokers 'OUTSIDE://localhost:55001', is configured to write records to 'entrance'
 16:36:51 INFO  traceId=, parentId=, spanId=, sampled= [io.sm.re.me.kafka] (smallrye-kafka-consumer-thread-0) SRMSG18257: Kafka consumer kafka-consumer-lobby, connected to Kafka brokers 'OUTSIDE://localhost:55001', belongs to the 'concierge-app' consumer group and is configured to poll records from [lobby]
 16:36:51 INFO  traceId=, parentId=, spanId=, sampled= [io.quarkus] (main) concierge-app 1.0.0-SNAPSHOT on JVM (powered by Quarkus 3.4.2) started in 20.525s. Listening on: http://localhost:8081
 16:36:51 INFO  traceId=, parentId=, spanId=, sampled= [io.quarkus] (main) Profile test activated. 
 16:36:51 INFO  traceId=, parentId=, spanId=, sampled= [io.quarkus] (main) Installed features: [cdi, kafka-client, micrometer, resteasy-reactive, smallrye-context-propagation, smallrye-openapi, smallrye-reactive-messaging, smallrye-reactive-messaging-kafka, swagger-ui, vertx]
 16:36:55 INFO  traceId=, parentId=, spanId=, sampled= [io.sm.re.me.kafka] (vert.x-eventloop-thread-0) SRMSG18256: Initialize record store for topic-partition 'lobby-0' at position -1.
 ]]></system-out>
  </testcase>
</testsuite>